INFO - 2025-04-20 09:32:28 --> Session: Class initialized using 'CodeIgniter\Session\Handlers\FileHandler' driver.
INFO - 2025-04-20 09:32:39 --> Session: Class initialized using 'CodeIgniter\Session\Handlers\FileHandler' driver.
CRITICAL - 2025-04-20 10:02:04 --> CodeIgniter\Router\Exceptions\RouterException: The namespace delimiter is a backslash (\), not a slash (/). Route handler: "\App\Controllers\Master/Produk::index"
in SYSTEMPATH\Router\Router.php on line 495.
 1 SYSTEMPATH\Router\Router.php(495): CodeIgniter\Router\Exceptions\RouterException::forInvalidControllerName('\\App\\Controllers\\Master/Produk::index')
 2 SYSTEMPATH\Router\Router.php(202): CodeIgniter\Router\Router->checkRoutes('master/produk')
 3 SYSTEMPATH\CodeIgniter.php(825): CodeIgniter\Router\Router->handle('master/produk')
 4 SYSTEMPATH\CodeIgniter.php(450): CodeIgniter\CodeIgniter->tryToRouteIt(Object(CodeIgniter\Router\RouteCollection))
 5 SYSTEMPATH\CodeIgniter.php(361): CodeIgniter\CodeIgniter->handleRequest(null, Object(Config\Cache), false)
 6 FCPATH\index.php(79): CodeIgniter\CodeIgniter->run()
CRITICAL - 2025-04-20 10:02:08 --> Error: Class 'App\Controllers\Master\BaseController' not found
in APPPATH\Controllers\Master\Produk.php on line 7.
 1 SYSTEMPATH\Autoloader\Autoloader.php(311): include_once()
 2 SYSTEMPATH\Autoloader\Autoloader.php(290): CodeIgniter\Autoloader\Autoloader->includeFile('C:\\xampp\\htdocs\\reynra-store\\app\\Controllers\\Master\\Produk.php')
 3 SYSTEMPATH\Autoloader\Autoloader.php(266): CodeIgniter\Autoloader\Autoloader->loadInNamespace('App\\Controllers\\Master\\Produk')
 4 [internal function]: CodeIgniter\Autoloader\Autoloader->loadClass('App\\Controllers\\Master\\Produk')
 5 [internal function]: spl_autoload_call('App\\Controllers\\Master\\Produk')
 6 SYSTEMPATH\CodeIgniter.php(901): class_exists('\\App\\Controllers\\Master\\Produk', true)
 7 SYSTEMPATH\CodeIgniter.php(490): CodeIgniter\CodeIgniter->startController()
 8 SYSTEMPATH\CodeIgniter.php(361): CodeIgniter\CodeIgniter->handleRequest(null, Object(Config\Cache), false)
 9 FCPATH\index.php(79): CodeIgniter\CodeIgniter->run()
INFO - 2025-04-20 10:52:22 --> Session: Class initialized using 'CodeIgniter\Session\Handlers\FileHandler' driver.
INFO - 2025-04-20 10:52:59 --> Session: Class initialized using 'CodeIgniter\Session\Handlers\FileHandler' driver.
INFO - 2025-04-20 10:54:41 --> Session: Class initialized using 'CodeIgniter\Session\Handlers\FileHandler' driver.
INFO - 2025-04-20 10:55:01 --> Session: Class initialized using 'CodeIgniter\Session\Handlers\FileHandler' driver.
INFO - 2025-04-20 10:55:01 --> Session: Class initialized using 'CodeIgniter\Session\Handlers\FileHandler' driver.
INFO - 2025-04-20 10:55:53 --> Session: Class initialized using 'CodeIgniter\Session\Handlers\FileHandler' driver.
INFO - 2025-04-20 13:07:03 --> Session: Class initialized using 'CodeIgniter\Session\Handlers\FileHandler' driver.
INFO - 2025-04-20 13:07:10 --> Session: Class initialized using 'CodeIgniter\Session\Handlers\FileHandler' driver.
INFO - 2025-04-20 13:07:13 --> Session: Class initialized using 'CodeIgniter\Session\Handlers\FileHandler' driver.
INFO - 2025-04-20 13:10:11 --> Session: Class initialized using 'CodeIgniter\Session\Handlers\FileHandler' driver.
INFO - 2025-04-20 13:10:28 --> Session: Class initialized using 'CodeIgniter\Session\Handlers\FileHandler' driver.
INFO - 2025-04-20 13:13:20 --> Session: Class initialized using 'CodeIgniter\Session\Handlers\FileHandler' driver.
INFO - 2025-04-20 13:14:33 --> Session: Class initialized using 'CodeIgniter\Session\Handlers\FileHandler' driver.
INFO - 2025-04-20 13:14:33 --> Session: Class initialized using 'CodeIgniter\Session\Handlers\FileHandler' driver.
INFO - 2025-04-20 13:14:52 --> Session: Class initialized using 'CodeIgniter\Session\Handlers\FileHandler' driver.
INFO - 2025-04-20 13:14:52 --> Session: Class initialized using 'CodeIgniter\Session\Handlers\FileHandler' driver.
INFO - 2025-04-20 13:15:12 --> Session: Class initialized using 'CodeIgniter\Session\Handlers\FileHandler' driver.
INFO - 2025-04-20 13:15:13 --> Session: Class initialized using 'CodeIgniter\Session\Handlers\FileHandler' driver.
INFO - 2025-04-20 13:16:32 --> Session: Class initialized using 'CodeIgniter\Session\Handlers\FileHandler' driver.
INFO - 2025-04-20 13:16:41 --> Session: Class initialized using 'CodeIgniter\Session\Handlers\FileHandler' driver.
INFO - 2025-04-20 13:16:41 --> Session: Class initialized using 'CodeIgniter\Session\Handlers\FileHandler' driver.
INFO - 2025-04-20 13:16:59 --> Session: Class initialized using 'CodeIgniter\Session\Handlers\FileHandler' driver.
INFO - 2025-04-20 13:17:00 --> Session: Class initialized using 'CodeIgniter\Session\Handlers\FileHandler' driver.
INFO - 2025-04-20 13:19:34 --> Session: Class initialized using 'CodeIgniter\Session\Handlers\FileHandler' driver.
INFO - 2025-04-20 13:51:04 --> Session: Class initialized using 'CodeIgniter\Session\Handlers\FileHandler' driver.
INFO - 2025-04-20 13:51:26 --> Session: Class initialized using 'CodeIgniter\Session\Handlers\FileHandler' driver.
CRITICAL - 2025-04-20 13:52:44 --> CodeIgniter\Router\Exceptions\RouterException: The namespace delimiter is a backslash (\), not a slash (/). Route handler: "\App\Controllers\Transaksi/Penjualan::index"
in SYSTEMPATH\Router\Router.php on line 495.
 1 SYSTEMPATH\Router\Router.php(495): CodeIgniter\Router\Exceptions\RouterException::forInvalidControllerName('\\App\\Controllers\\Transaksi/Penjualan::index')
 2 SYSTEMPATH\Router\Router.php(202): CodeIgniter\Router\Router->checkRoutes('transaksi/penjualan')
 3 SYSTEMPATH\CodeIgniter.php(825): CodeIgniter\Router\Router->handle('transaksi/penjualan')
 4 SYSTEMPATH\CodeIgniter.php(450): CodeIgniter\CodeIgniter->tryToRouteIt(Object(CodeIgniter\Router\RouteCollection))
 5 SYSTEMPATH\CodeIgniter.php(361): CodeIgniter\CodeIgniter->handleRequest(null, Object(Config\Cache), false)
 6 FCPATH\index.php(79): CodeIgniter\CodeIgniter->run()
CRITICAL - 2025-04-20 13:53:43 --> CodeIgniter\View\Exceptions\ViewException: Invalid file: "master/penjualan/index.php"
in SYSTEMPATH\Exceptions\FrameworkException.php on line 39.
 1 SYSTEMPATH\View\View.php(216): CodeIgniter\Exceptions\FrameworkException::forInvalidFile('master/penjualan/index.php')
 2 SYSTEMPATH\Common.php(1178): CodeIgniter\View\View->render('master/penjualan/index', [], true)
 3 APPPATH\Controllers\Transaksi\Penjualan.php(24): view('master/penjualan/index', [...])
 4 SYSTEMPATH\CodeIgniter.php(943): App\Controllers\Transaksi\Penjualan->index()
 5 SYSTEMPATH\CodeIgniter.php(503): CodeIgniter\CodeIgniter->runController(Object(App\Controllers\Transaksi\Penjualan))
 6 SYSTEMPATH\CodeIgniter.php(361): CodeIgniter\CodeIgniter->handleRequest(null, Object(Config\Cache), false)
 7 FCPATH\index.php(79): CodeIgniter\CodeIgniter->run()
INFO - 2025-04-20 13:53:53 --> Session: Class initialized using 'CodeIgniter\Session\Handlers\FileHandler' driver.
CRITICAL - 2025-04-20 14:10:24 --> ErrorException: Undefined variable: penjualan
in APPPATH\Views\Transaksi\Penjualan\index.php on line 47.
 1 APPPATH\Views\Transaksi\Penjualan\index.php(47): CodeIgniter\Debug\Exceptions->errorHandler(8, 'Undefined variable: penjualan', 'C:\\xampp\\htdocs\\reynra-store\\app\\Views\\Transaksi\\Penjualan\\index.php', 47, [...])
 2 SYSTEMPATH\View\View.php(228): include('C:\\xampp\\htdocs\\reynra-store\\app\\Views\\Transaksi\\Penjualan\\index.php')
 3 SYSTEMPATH\View\View.php(231): CodeIgniter\View\View->CodeIgniter\View\{closure}()
 4 SYSTEMPATH\Common.php(1178): CodeIgniter\View\View->render('transaksi/penjualan/index', [], true)
 5 APPPATH\Controllers\Transaksi\Penjualan.php(28): view('transaksi/penjualan/index', [...])
 6 SYSTEMPATH\CodeIgniter.php(943): App\Controllers\Transaksi\Penjualan->index()
 7 SYSTEMPATH\CodeIgniter.php(503): CodeIgniter\CodeIgniter->runController(Object(App\Controllers\Transaksi\Penjualan))
 8 SYSTEMPATH\CodeIgniter.php(361): CodeIgniter\CodeIgniter->handleRequest(null, Object(Config\Cache), false)
 9 FCPATH\index.php(79): CodeIgniter\CodeIgniter->run()
INFO - 2025-04-20 14:11:07 --> Session: Class initialized using 'CodeIgniter\Session\Handlers\FileHandler' driver.
CRITICAL - 2025-04-20 14:12:17 --> ErrorException: Undefined variable: produk
in APPPATH\Views\Transaksi\Penjualan\index.php on line 189.
 1 APPPATH\Views\Transaksi\Penjualan\index.php(189): CodeIgniter\Debug\Exceptions->errorHandler(8, 'Undefined variable: produk', 'C:\\xampp\\htdocs\\reynra-store\\app\\Views\\Transaksi\\Penjualan\\index.php', 189, [...])
 2 SYSTEMPATH\View\View.php(228): include('C:\\xampp\\htdocs\\reynra-store\\app\\Views\\Transaksi\\Penjualan\\index.php')
 3 SYSTEMPATH\View\View.php(231): CodeIgniter\View\View->CodeIgniter\View\{closure}()
 4 SYSTEMPATH\Common.php(1178): CodeIgniter\View\View->render('transaksi/penjualan/index', [], true)
 5 APPPATH\Controllers\Transaksi\Penjualan.php(31): view('transaksi/penjualan/index', [...])
 6 SYSTEMPATH\CodeIgniter.php(943): App\Controllers\Transaksi\Penjualan->index()
 7 SYSTEMPATH\CodeIgniter.php(503): CodeIgniter\CodeIgniter->runController(Object(App\Controllers\Transaksi\Penjualan))
 8 SYSTEMPATH\CodeIgniter.php(361): CodeIgniter\CodeIgniter->handleRequest(null, Object(Config\Cache), false)
 9 FCPATH\index.php(79): CodeIgniter\CodeIgniter->run()
INFO - 2025-04-20 14:13:00 --> Session: Class initialized using 'CodeIgniter\Session\Handlers\FileHandler' driver.
INFO - 2025-04-20 14:16:19 --> Session: Class initialized using 'CodeIgniter\Session\Handlers\FileHandler' driver.
INFO - 2025-04-20 14:17:10 --> Session: Class initialized using 'CodeIgniter\Session\Handlers\FileHandler' driver.
CRITICAL - 2025-04-20 14:24:26 --> ErrorException: Cannot redeclare App\Controllers\Transaksi\Penjualan::create()
in APPPATH\Controllers\Transaksi\Penjualan.php on line 46.
 1 [internal function]: CodeIgniter\Debug\Exceptions->shutdownHandler()
INFO - 2025-04-20 14:24:39 --> Session: Class initialized using 'CodeIgniter\Session\Handlers\FileHandler' driver.
CRITICAL - 2025-04-20 14:25:09 --> ErrorException: Invalid argument supplied for foreach()
in APPPATH\Controllers\Transaksi\Penjualan.php on line 49.
 1 APPPATH\Controllers\Transaksi\Penjualan.php(49): CodeIgniter\Debug\Exceptions->errorHandler(2, 'Invalid argument supplied for foreach()', 'C:\\xampp\\htdocs\\reynra-store\\app\\Controllers\\Transaksi\\Penjualan.php', 49, [...])
 2 SYSTEMPATH\CodeIgniter.php(943): App\Controllers\Transaksi\Penjualan->create()
 3 SYSTEMPATH\CodeIgniter.php(503): CodeIgniter\CodeIgniter->runController(Object(App\Controllers\Transaksi\Penjualan))
 4 SYSTEMPATH\CodeIgniter.php(361): CodeIgniter\CodeIgniter->handleRequest(null, Object(Config\Cache), false)
 5 FCPATH\index.php(79): CodeIgniter\CodeIgniter->run()
INFO - 2025-04-20 14:25:13 --> Session: Class initialized using 'CodeIgniter\Session\Handlers\FileHandler' driver.
CRITICAL - 2025-04-20 14:25:22 --> ErrorException: Invalid argument supplied for foreach()
in APPPATH\Controllers\Transaksi\Penjualan.php on line 49.
 1 APPPATH\Controllers\Transaksi\Penjualan.php(49): CodeIgniter\Debug\Exceptions->errorHandler(2, 'Invalid argument supplied for foreach()', 'C:\\xampp\\htdocs\\reynra-store\\app\\Controllers\\Transaksi\\Penjualan.php', 49, [...])
 2 SYSTEMPATH\CodeIgniter.php(943): App\Controllers\Transaksi\Penjualan->create()
 3 SYSTEMPATH\CodeIgniter.php(503): CodeIgniter\CodeIgniter->runController(Object(App\Controllers\Transaksi\Penjualan))
 4 SYSTEMPATH\CodeIgniter.php(361): CodeIgniter\CodeIgniter->handleRequest(null, Object(Config\Cache), false)
 5 FCPATH\index.php(79): CodeIgniter\CodeIgniter->run()
INFO - 2025-04-20 14:25:57 --> Session: Class initialized using 'CodeIgniter\Session\Handlers\FileHandler' driver.
INFO - 2025-04-20 14:25:57 --> Session: Class initialized using 'CodeIgniter\Session\Handlers\FileHandler' driver.
INFO - 2025-04-20 14:25:59 --> Session: Class initialized using 'CodeIgniter\Session\Handlers\FileHandler' driver.
INFO - 2025-04-20 14:26:18 --> Session: Class initialized using 'CodeIgniter\Session\Handlers\FileHandler' driver.
INFO - 2025-04-20 14:26:18 --> Session: Class initialized using 'CodeIgniter\Session\Handlers\FileHandler' driver.
INFO - 2025-04-20 14:28:39 --> Session: Class initialized using 'CodeIgniter\Session\Handlers\FileHandler' driver.
INFO - 2025-04-20 14:28:49 --> Session: Class initialized using 'CodeIgniter\Session\Handlers\FileHandler' driver.
INFO - 2025-04-20 14:28:50 --> Session: Class initialized using 'CodeIgniter\Session\Handlers\FileHandler' driver.
CRITICAL - 2025-04-20 14:33:32 --> ErrorException: Undefined variable: produkList
in APPPATH\Views\Transaksi\Penjualan\index.php on line 189.
 1 APPPATH\Views\Transaksi\Penjualan\index.php(189): CodeIgniter\Debug\Exceptions->errorHandler(8, 'Undefined variable: produkList', 'C:\\xampp\\htdocs\\reynra-store\\app\\Views\\Transaksi\\Penjualan\\index.php', 189, [...])
 2 SYSTEMPATH\View\View.php(228): include('C:\\xampp\\htdocs\\reynra-store\\app\\Views\\Transaksi\\Penjualan\\index.php')
 3 SYSTEMPATH\View\View.php(231): CodeIgniter\View\View->CodeIgniter\View\{closure}()
 4 SYSTEMPATH\Common.php(1178): CodeIgniter\View\View->render('transaksi/penjualan/index', [], true)
 5 APPPATH\Controllers\Transaksi\Penjualan.php(35): view('transaksi/penjualan/index', [...])
 6 SYSTEMPATH\CodeIgniter.php(943): App\Controllers\Transaksi\Penjualan->index()
 7 SYSTEMPATH\CodeIgniter.php(503): CodeIgniter\CodeIgniter->runController(Object(App\Controllers\Transaksi\Penjualan))
 8 SYSTEMPATH\CodeIgniter.php(361): CodeIgniter\CodeIgniter->handleRequest(null, Object(Config\Cache), false)
 9 FCPATH\index.php(79): CodeIgniter\CodeIgniter->run()
INFO - 2025-04-20 14:34:00 --> Session: Class initialized using 'CodeIgniter\Session\Handlers\FileHandler' driver.
INFO - 2025-04-20 14:34:46 --> Session: Class initialized using 'CodeIgniter\Session\Handlers\FileHandler' driver.
INFO - 2025-04-20 14:34:46 --> Session: Class initialized using 'CodeIgniter\Session\Handlers\FileHandler' driver.
INFO - 2025-04-20 14:35:02 --> Session: Class initialized using 'CodeIgniter\Session\Handlers\FileHandler' driver.
INFO - 2025-04-20 14:35:02 --> Session: Class initialized using 'CodeIgniter\Session\Handlers\FileHandler' driver.
INFO - 2025-04-20 14:35:48 --> Session: Class initialized using 'CodeIgniter\Session\Handlers\FileHandler' driver.
INFO - 2025-04-20 14:35:58 --> Session: Class initialized using 'CodeIgniter\Session\Handlers\FileHandler' driver.
INFO - 2025-04-20 14:35:58 --> Session: Class initialized using 'CodeIgniter\Session\Handlers\FileHandler' driver.
INFO - 2025-04-20 14:36:21 --> Session: Class initialized using 'CodeIgniter\Session\Handlers\FileHandler' driver.
INFO - 2025-04-20 14:38:01 --> Session: Class initialized using 'CodeIgniter\Session\Handlers\FileHandler' driver.
INFO - 2025-04-20 14:38:13 --> Session: Class initialized using 'CodeIgniter\Session\Handlers\FileHandler' driver.
INFO - 2025-04-20 14:38:13 --> Session: Class initialized using 'CodeIgniter\Session\Handlers\FileHandler' driver.
INFO - 2025-04-20 14:42:06 --> Session: Class initialized using 'CodeIgniter\Session\Handlers\FileHandler' driver.
INFO - 2025-04-20 14:42:30 --> Session: Class initialized using 'CodeIgniter\Session\Handlers\FileHandler' driver.
INFO - 2025-04-20 14:43:31 --> Session: Class initialized using 'CodeIgniter\Session\Handlers\FileHandler' driver.
INFO - 2025-04-20 14:43:43 --> Session: Class initialized using 'CodeIgniter\Session\Handlers\FileHandler' driver.
INFO - 2025-04-20 14:43:43 --> Session: Class initialized using 'CodeIgniter\Session\Handlers\FileHandler' driver.
INFO - 2025-04-20 14:46:47 --> Session: Class initialized using 'CodeIgniter\Session\Handlers\FileHandler' driver.
INFO - 2025-04-20 14:49:30 --> Session: Class initialized using 'CodeIgniter\Session\Handlers\FileHandler' driver.
CRITICAL - 2025-04-20 14:49:52 --> ErrorException: Undefined index: harga_modal
in APPPATH\Controllers\Transaksi\Penjualan.php on line 72.
 1 APPPATH\Controllers\Transaksi\Penjualan.php(72): CodeIgniter\Debug\Exceptions->errorHandler(8, 'Undefined index: harga_modal', 'C:\\xampp\\htdocs\\reynra-store\\app\\Controllers\\Transaksi\\Penjualan.php', 72, [...])
 2 SYSTEMPATH\CodeIgniter.php(943): App\Controllers\Transaksi\Penjualan->create()
 3 SYSTEMPATH\CodeIgniter.php(503): CodeIgniter\CodeIgniter->runController(Object(App\Controllers\Transaksi\Penjualan))
 4 SYSTEMPATH\CodeIgniter.php(361): CodeIgniter\CodeIgniter->handleRequest(null, Object(Config\Cache), false)
 5 FCPATH\index.php(79): CodeIgniter\CodeIgniter->run()
INFO - 2025-04-20 14:49:57 --> Session: Class initialized using 'CodeIgniter\Session\Handlers\FileHandler' driver.
INFO - 2025-04-20 14:49:58 --> Session: Class initialized using 'CodeIgniter\Session\Handlers\FileHandler' driver.
INFO - 2025-04-20 14:50:19 --> Session: Class initialized using 'CodeIgniter\Session\Handlers\FileHandler' driver.
CRITICAL - 2025-04-20 14:50:19 --> ErrorException: Undefined index: keterangan
in APPPATH\Views\Transaksi\Penjualan\index.php on line 53.
 1 APPPATH\Views\Transaksi\Penjualan\index.php(53): CodeIgniter\Debug\Exceptions->errorHandler(8, 'Undefined index: keterangan', 'C:\\xampp\\htdocs\\reynra-store\\app\\Views\\Transaksi\\Penjualan\\index.php', 53, [...])
 2 SYSTEMPATH\View\View.php(228): include('C:\\xampp\\htdocs\\reynra-store\\app\\Views\\Transaksi\\Penjualan\\index.php')
 3 SYSTEMPATH\View\View.php(231): CodeIgniter\View\View->CodeIgniter\View\{closure}()
 4 SYSTEMPATH\Common.php(1178): CodeIgniter\View\View->render('transaksi/penjualan/index', [], true)
 5 APPPATH\Controllers\Transaksi\Penjualan.php(35): view('transaksi/penjualan/index', [...])
 6 SYSTEMPATH\CodeIgniter.php(943): App\Controllers\Transaksi\Penjualan->index()
 7 SYSTEMPATH\CodeIgniter.php(503): CodeIgniter\CodeIgniter->runController(Object(App\Controllers\Transaksi\Penjualan))
 8 SYSTEMPATH\CodeIgniter.php(361): CodeIgniter\CodeIgniter->handleRequest(null, Object(Config\Cache), false)
 9 FCPATH\index.php(79): CodeIgniter\CodeIgniter->run()
CRITICAL - 2025-04-20 14:50:41 --> ErrorException: Undefined index: deskripsi
in APPPATH\Views\Transaksi\Penjualan\index.php on line 53.
 1 APPPATH\Views\Transaksi\Penjualan\index.php(53): CodeIgniter\Debug\Exceptions->errorHandler(8, 'Undefined index: deskripsi', 'C:\\xampp\\htdocs\\reynra-store\\app\\Views\\Transaksi\\Penjualan\\index.php', 53, [...])
 2 SYSTEMPATH\View\View.php(228): include('C:\\xampp\\htdocs\\reynra-store\\app\\Views\\Transaksi\\Penjualan\\index.php')
 3 SYSTEMPATH\View\View.php(231): CodeIgniter\View\View->CodeIgniter\View\{closure}()
 4 SYSTEMPATH\Common.php(1178): CodeIgniter\View\View->render('transaksi/penjualan/index', [], true)
 5 APPPATH\Controllers\Transaksi\Penjualan.php(35): view('transaksi/penjualan/index', [...])
 6 SYSTEMPATH\CodeIgniter.php(943): App\Controllers\Transaksi\Penjualan->index()
 7 SYSTEMPATH\CodeIgniter.php(503): CodeIgniter\CodeIgniter->runController(Object(App\Controllers\Transaksi\Penjualan))
 8 SYSTEMPATH\CodeIgniter.php(361): CodeIgniter\CodeIgniter->handleRequest(null, Object(Config\Cache), false)
 9 FCPATH\index.php(79): CodeIgniter\CodeIgniter->run()
CRITICAL - 2025-04-20 14:50:49 --> ErrorException: Undefined index: deskripsi
in APPPATH\Views\Transaksi\Penjualan\index.php on line 53.
 1 APPPATH\Views\Transaksi\Penjualan\index.php(53): CodeIgniter\Debug\Exceptions->errorHandler(8, 'Undefined index: deskripsi', 'C:\\xampp\\htdocs\\reynra-store\\app\\Views\\Transaksi\\Penjualan\\index.php', 53, [...])
 2 SYSTEMPATH\View\View.php(228): include('C:\\xampp\\htdocs\\reynra-store\\app\\Views\\Transaksi\\Penjualan\\index.php')
 3 SYSTEMPATH\View\View.php(231): CodeIgniter\View\View->CodeIgniter\View\{closure}()
 4 SYSTEMPATH\Common.php(1178): CodeIgniter\View\View->render('transaksi/penjualan/index', [], true)
 5 APPPATH\Controllers\Transaksi\Penjualan.php(35): view('transaksi/penjualan/index', [...])
 6 SYSTEMPATH\CodeIgniter.php(943): App\Controllers\Transaksi\Penjualan->index()
 7 SYSTEMPATH\CodeIgniter.php(503): CodeIgniter\CodeIgniter->runController(Object(App\Controllers\Transaksi\Penjualan))
 8 SYSTEMPATH\CodeIgniter.php(361): CodeIgniter\CodeIgniter->handleRequest(null, Object(Config\Cache), false)
 9 FCPATH\index.php(79): CodeIgniter\CodeIgniter->run()
CRITICAL - 2025-04-20 14:50:50 --> ErrorException: Undefined index: deskripsi
in APPPATH\Views\Transaksi\Penjualan\index.php on line 53.
 1 APPPATH\Views\Transaksi\Penjualan\index.php(53): CodeIgniter\Debug\Exceptions->errorHandler(8, 'Undefined index: deskripsi', 'C:\\xampp\\htdocs\\reynra-store\\app\\Views\\Transaksi\\Penjualan\\index.php', 53, [...])
 2 SYSTEMPATH\View\View.php(228): include('C:\\xampp\\htdocs\\reynra-store\\app\\Views\\Transaksi\\Penjualan\\index.php')
 3 SYSTEMPATH\View\View.php(231): CodeIgniter\View\View->CodeIgniter\View\{closure}()
 4 SYSTEMPATH\Common.php(1178): CodeIgniter\View\View->render('transaksi/penjualan/index', [], true)
 5 APPPATH\Controllers\Transaksi\Penjualan.php(35): view('transaksi/penjualan/index', [...])
 6 SYSTEMPATH\CodeIgniter.php(943): App\Controllers\Transaksi\Penjualan->index()
 7 SYSTEMPATH\CodeIgniter.php(503): CodeIgniter\CodeIgniter->runController(Object(App\Controllers\Transaksi\Penjualan))
 8 SYSTEMPATH\CodeIgniter.php(361): CodeIgniter\CodeIgniter->handleRequest(null, Object(Config\Cache), false)
 9 FCPATH\index.php(79): CodeIgniter\CodeIgniter->run()
INFO - 2025-04-20 14:50:56 --> Session: Class initialized using 'CodeIgniter\Session\Handlers\FileHandler' driver.
INFO - 2025-04-20 14:51:40 --> Session: Class initialized using 'CodeIgniter\Session\Handlers\FileHandler' driver.
INFO - 2025-04-20 14:51:53 --> Session: Class initialized using 'CodeIgniter\Session\Handlers\FileHandler' driver.
INFO - 2025-04-20 14:52:30 --> Session: Class initialized using 'CodeIgniter\Session\Handlers\FileHandler' driver.
CRITICAL - 2025-04-20 14:52:34 --> Error: Class 'App\Controllers\Transaksi\PenjualanDetailModel' not found
in APPPATH\Controllers\Transaksi\Penjualan.php on line 40.
 1 SYSTEMPATH\CodeIgniter.php(943): App\Controllers\Transaksi\Penjualan->detail('1')
 2 SYSTEMPATH\CodeIgniter.php(503): CodeIgniter\CodeIgniter->runController(Object(App\Controllers\Transaksi\Penjualan))
 3 SYSTEMPATH\CodeIgniter.php(361): CodeIgniter\CodeIgniter->handleRequest(null, Object(Config\Cache), false)
 4 FCPATH\index.php(79): CodeIgniter\CodeIgniter->run()
INFO - 2025-04-20 14:52:47 --> Session: Class initialized using 'CodeIgniter\Session\Handlers\FileHandler' driver.
CRITICAL - 2025-04-20 14:52:49 --> ErrorException: Undefined index: harga_satuan
in APPPATH\Controllers\Transaksi\Penjualan.php on line 55.
 1 APPPATH\Controllers\Transaksi\Penjualan.php(55): CodeIgniter\Debug\Exceptions->errorHandler(8, 'Undefined index: harga_satuan', 'C:\\xampp\\htdocs\\reynra-store\\app\\Controllers\\Transaksi\\Penjualan.php', 55, [...])
 2 SYSTEMPATH\CodeIgniter.php(943): App\Controllers\Transaksi\Penjualan->detail('1')
 3 SYSTEMPATH\CodeIgniter.php(503): CodeIgniter\CodeIgniter->runController(Object(App\Controllers\Transaksi\Penjualan))
 4 SYSTEMPATH\CodeIgniter.php(361): CodeIgniter\CodeIgniter->handleRequest(null, Object(Config\Cache), false)
 5 FCPATH\index.php(79): CodeIgniter\CodeIgniter->run()
INFO - 2025-04-20 14:53:12 --> Session: Class initialized using 'CodeIgniter\Session\Handlers\FileHandler' driver.
INFO - 2025-04-20 14:53:35 --> Session: Class initialized using 'CodeIgniter\Session\Handlers\FileHandler' driver.
INFO - 2025-04-20 14:55:55 --> Session: Class initialized using 'CodeIgniter\Session\Handlers\FileHandler' driver.
INFO - 2025-04-20 14:56:18 --> Session: Class initialized using 'CodeIgniter\Session\Handlers\FileHandler' driver.
INFO - 2025-04-20 14:56:18 --> Session: Class initialized using 'CodeIgniter\Session\Handlers\FileHandler' driver.
INFO - 2025-04-20 14:56:45 --> Session: Class initialized using 'CodeIgniter\Session\Handlers\FileHandler' driver.
INFO - 2025-04-20 14:56:58 --> Session: Class initialized using 'CodeIgniter\Session\Handlers\FileHandler' driver.
INFO - 2025-04-20 14:56:58 --> Session: Class initialized using 'CodeIgniter\Session\Handlers\FileHandler' driver.
INFO - 2025-04-20 14:58:46 --> Session: Class initialized using 'CodeIgniter\Session\Handlers\FileHandler' driver.
INFO - 2025-04-20 14:58:46 --> Session: Class initialized using 'CodeIgniter\Session\Handlers\FileHandler' driver.
INFO - 2025-04-20 15:30:22 --> Session: Class initialized using 'CodeIgniter\Session\Handlers\FileHandler' driver.
INFO - 2025-04-20 15:30:59 --> Session: Class initialized using 'CodeIgniter\Session\Handlers\FileHandler' driver.
INFO - 2025-04-20 15:31:00 --> Session: Class initialized using 'CodeIgniter\Session\Handlers\FileHandler' driver.
INFO - 2025-04-20 15:31:04 --> Session: Class initialized using 'CodeIgniter\Session\Handlers\FileHandler' driver.
INFO - 2025-04-20 15:31:05 --> Session: Class initialized using 'CodeIgniter\Session\Handlers\FileHandler' driver.
INFO - 2025-04-20 15:31:07 --> Session: Class initialized using 'CodeIgniter\Session\Handlers\FileHandler' driver.
INFO - 2025-04-20 15:31:07 --> Session: Class initialized using 'CodeIgniter\Session\Handlers\FileHandler' driver.
INFO - 2025-04-20 15:38:21 --> Session: Class initialized using 'CodeIgniter\Session\Handlers\FileHandler' driver.
INFO - 2025-04-20 15:39:36 --> Session: Class initialized using 'CodeIgniter\Session\Handlers\FileHandler' driver.
CRITICAL - 2025-04-20 15:41:49 --> Error: Class 'App\Controllers\Transaksi\BaseController' not found
in APPPATH\Controllers\Transaksi\Pengeluaran.php on line 7.
 1 SYSTEMPATH\Autoloader\Autoloader.php(311): include_once()
 2 SYSTEMPATH\Autoloader\Autoloader.php(290): CodeIgniter\Autoloader\Autoloader->includeFile('C:\\xampp\\htdocs\\reynra-store\\app\\Controllers\\Transaksi\\Pengeluaran.php')
 3 SYSTEMPATH\Autoloader\Autoloader.php(266): CodeIgniter\Autoloader\Autoloader->loadInNamespace('App\\Controllers\\Transaksi\\Pengeluaran')
 4 [internal function]: CodeIgniter\Autoloader\Autoloader->loadClass('App\\Controllers\\Transaksi\\Pengeluaran')
 5 [internal function]: spl_autoload_call('App\\Controllers\\Transaksi\\Pengeluaran')
 6 SYSTEMPATH\CodeIgniter.php(901): class_exists('\\App\\Controllers\\Transaksi\\Pengeluaran', true)
 7 SYSTEMPATH\CodeIgniter.php(490): CodeIgniter\CodeIgniter->startController()
 8 SYSTEMPATH\CodeIgniter.php(361): CodeIgniter\CodeIgniter->handleRequest(null, Object(Config\Cache), false)
 9 FCPATH\index.php(79): CodeIgniter\CodeIgniter->run()
CRITICAL - 2025-04-20 15:42:12 --> CodeIgniter\View\Exceptions\ViewException: Invalid file: "pengeluaran/index.php"
in SYSTEMPATH\Exceptions\FrameworkException.php on line 39.
 1 SYSTEMPATH\View\View.php(216): CodeIgniter\Exceptions\FrameworkException::forInvalidFile('pengeluaran/index.php')
 2 SYSTEMPATH\Common.php(1178): CodeIgniter\View\View->render('pengeluaran/index', [], true)
 3 APPPATH\Controllers\Transaksi\Pengeluaran.php(20): view('pengeluaran/index', [...])
 4 SYSTEMPATH\CodeIgniter.php(943): App\Controllers\Transaksi\Pengeluaran->index()
 5 SYSTEMPATH\CodeIgniter.php(503): CodeIgniter\CodeIgniter->runController(Object(App\Controllers\Transaksi\Pengeluaran))
 6 SYSTEMPATH\CodeIgniter.php(361): CodeIgniter\CodeIgniter->handleRequest(null, Object(Config\Cache), false)
 7 FCPATH\index.php(79): CodeIgniter\CodeIgniter->run()
INFO - 2025-04-20 15:42:19 --> Session: Class initialized using 'CodeIgniter\Session\Handlers\FileHandler' driver.
INFO - 2025-04-20 15:43:47 --> Session: Class initialized using 'CodeIgniter\Session\Handlers\FileHandler' driver.
INFO - 2025-04-20 15:44:01 --> Session: Class initialized using 'CodeIgniter\Session\Handlers\FileHandler' driver.
INFO - 2025-04-20 15:44:16 --> Session: Class initialized using 'CodeIgniter\Session\Handlers\FileHandler' driver.
INFO - 2025-04-20 15:45:28 --> Session: Class initialized using 'CodeIgniter\Session\Handlers\FileHandler' driver.
INFO - 2025-04-20 15:45:55 --> Session: Class initialized using 'CodeIgniter\Session\Handlers\FileHandler' driver.
INFO - 2025-04-20 15:45:55 --> Session: Class initialized using 'CodeIgniter\Session\Handlers\FileHandler' driver.
CRITICAL - 2025-04-20 15:49:17 --> Error: Class 'App\Models\KeuntunganModel' not found
in APPPATH\Controllers\Home.php on line 20.
 1 SYSTEMPATH\CodeIgniter.php(915): App\Controllers\Home->__construct()
 2 SYSTEMPATH\CodeIgniter.php(494): CodeIgniter\CodeIgniter->createController()
 3 SYSTEMPATH\CodeIgniter.php(361): CodeIgniter\CodeIgniter->handleRequest(null, Object(Config\Cache), false)
 4 FCPATH\index.php(79): CodeIgniter\CodeIgniter->run()
ERROR - 2025-04-20 15:50:43 --> mysqli_sql_exception: Unknown column 'total_harga' in 'SELECT' in C:\xampp\htdocs\reynra-store\vendor\codeigniter4\framework\system\Database\MySQLi\Connection.php:306
Stack trace:
#0 C:\xampp\htdocs\reynra-store\vendor\codeigniter4\framework\system\Database\MySQLi\Connection.php(306): mysqli->query('SELECT SUM(`tot...', 0)
#1 C:\xampp\htdocs\reynra-store\vendor\codeigniter4\framework\system\Database\BaseConnection.php(693): CodeIgniter\Database\MySQLi\Connection->execute('SELECT SUM(`tot...')
#2 C:\xampp\htdocs\reynra-store\vendor\codeigniter4\framework\system\Database\BaseConnection.php(607): CodeIgniter\Database\BaseConnection->simpleQuery('SELECT SUM(`tot...')
#3 C:\xampp\htdocs\reynra-store\vendor\codeigniter4\framework\system\Database\BaseBuilder.php(1616): CodeIgniter\Database\BaseConnection->query('SELECT SUM(`tot...', Array, false)
#4 C:\xampp\htdocs\reynra-store\vendor\codeigniter4\framework\system\Model.php(271): CodeIgniter\Database\BaseBuilder->get()
#5 C:\xampp\htdocs\reynra-store\vendor\codeigniter4\framework\system\BaseModel.php(679): CodeIgniter\Model->doFirst()
#6 C:\xampp\htdocs\reynra-store\app\Controllers\Home.php(28): CodeIgniter\BaseModel->first()
#7 C:\xampp\htdocs\reynra-store\vendor\codeigniter4\framework\system\CodeIgniter.php(943): App\Controllers\Home->index()
#8 C:\xampp\htdocs\reynra-store\vendor\codeigniter4\framework\system\CodeIgniter.php(503): CodeIgniter\CodeIgniter->runController(Object(App\Controllers\Home))
#9 C:\xampp\htdocs\reynra-store\vendor\codeigniter4\framework\system\CodeIgniter.php(361): CodeIgniter\CodeIgniter->handleRequest(NULL, Object(Config\Cache), false)
#10 C:\xampp\htdocs\reynra-store\index.php(79): CodeIgniter\CodeIgniter->run()
#11 {main}
CRITICAL - 2025-04-20 15:50:43 --> CodeIgniter\Database\Exceptions\DatabaseException: Unknown column 'total_harga' in 'SELECT'
in SYSTEMPATH\Database\BaseConnection.php on line 647.
 1 SYSTEMPATH\Database\BaseBuilder.php(1616): CodeIgniter\Database\BaseConnection->query('SELECT SUM(`total_harga`) AS `total_harga`
FROM `penjualan`
 LIMIT 1', [], false)
 2 SYSTEMPATH\Model.php(271): CodeIgniter\Database\BaseBuilder->get()
 3 SYSTEMPATH\BaseModel.php(679): CodeIgniter\Model->doFirst()
 4 APPPATH\Controllers\Home.php(28): CodeIgniter\BaseModel->first()
 5 SYSTEMPATH\CodeIgniter.php(943): App\Controllers\Home->index()
 6 SYSTEMPATH\CodeIgniter.php(503): CodeIgniter\CodeIgniter->runController(Object(App\Controllers\Home))
 7 SYSTEMPATH\CodeIgniter.php(361): CodeIgniter\CodeIgniter->handleRequest(null, Object(Config\Cache), false)
 8 FCPATH\index.php(79): CodeIgniter\CodeIgniter->run()
CRITICAL - 2025-04-20 15:50:43 --> [Caused by] CodeIgniter\Database\Exceptions\DatabaseException: Unknown column 'total_harga' in 'SELECT'
in SYSTEMPATH\Database\MySQLi\Connection.php on line 311.
 1 SYSTEMPATH\Database\BaseConnection.php(693): CodeIgniter\Database\MySQLi\Connection->execute('SELECT SUM(`total_harga`) AS `total_harga`
FROM `penjualan`
 LIMIT 1')
 2 SYSTEMPATH\Database\BaseConnection.php(607): CodeIgniter\Database\BaseConnection->simpleQuery('SELECT SUM(`total_harga`) AS `total_harga`
FROM `penjualan`
 LIMIT 1')
 3 SYSTEMPATH\Database\BaseBuilder.php(1616): CodeIgniter\Database\BaseConnection->query('SELECT SUM(`total_harga`) AS `total_harga`
FROM `penjualan`
 LIMIT 1', [], false)
 4 SYSTEMPATH\Model.php(271): CodeIgniter\Database\BaseBuilder->get()
 5 SYSTEMPATH\BaseModel.php(679): CodeIgniter\Model->doFirst()
 6 APPPATH\Controllers\Home.php(28): CodeIgniter\BaseModel->first()
 7 SYSTEMPATH\CodeIgniter.php(943): App\Controllers\Home->index()
 8 SYSTEMPATH\CodeIgniter.php(503): CodeIgniter\CodeIgniter->runController(Object(App\Controllers\Home))
 9 SYSTEMPATH\CodeIgniter.php(361): CodeIgniter\CodeIgniter->handleRequest(null, Object(Config\Cache), false)
10 FCPATH\index.php(79): CodeIgniter\CodeIgniter->run()
CRITICAL - 2025-04-20 15:50:43 --> [Caused by] mysqli_sql_exception: Unknown column 'total_harga' in 'SELECT'
in SYSTEMPATH\Database\MySQLi\Connection.php on line 306.
 1 SYSTEMPATH\Database\MySQLi\Connection.php(306): mysqli->query('SELECT SUM(`total_harga`) AS `total_harga`
FROM `penjualan`
 LIMIT 1', 0)
 2 SYSTEMPATH\Database\BaseConnection.php(693): CodeIgniter\Database\MySQLi\Connection->execute('SELECT SUM(`total_harga`) AS `total_harga`
FROM `penjualan`
 LIMIT 1')
 3 SYSTEMPATH\Database\BaseConnection.php(607): CodeIgniter\Database\BaseConnection->simpleQuery('SELECT SUM(`total_harga`) AS `total_harga`
FROM `penjualan`
 LIMIT 1')
 4 SYSTEMPATH\Database\BaseBuilder.php(1616): CodeIgniter\Database\BaseConnection->query('SELECT SUM(`total_harga`) AS `total_harga`
FROM `penjualan`
 LIMIT 1', [], false)
 5 SYSTEMPATH\Model.php(271): CodeIgniter\Database\BaseBuilder->get()
 6 SYSTEMPATH\BaseModel.php(679): CodeIgniter\Model->doFirst()
 7 APPPATH\Controllers\Home.php(28): CodeIgniter\BaseModel->first()
 8 SYSTEMPATH\CodeIgniter.php(943): App\Controllers\Home->index()
 9 SYSTEMPATH\CodeIgniter.php(503): CodeIgniter\CodeIgniter->runController(Object(App\Controllers\Home))
10 SYSTEMPATH\CodeIgniter.php(361): CodeIgniter\CodeIgniter->handleRequest(null, Object(Config\Cache), false)
11 FCPATH\index.php(79): CodeIgniter\CodeIgniter->run()
CRITICAL - 2025-04-20 15:51:01 --> ErrorException: Undefined index: total_harga
in APPPATH\Controllers\Home.php on line 28.
 1 APPPATH\Controllers\Home.php(28): CodeIgniter\Debug\Exceptions->errorHandler(8, 'Undefined index: total_harga', 'C:\\xampp\\htdocs\\reynra-store\\app\\Controllers\\Home.php', 28, [])
 2 SYSTEMPATH\CodeIgniter.php(943): App\Controllers\Home->index()
 3 SYSTEMPATH\CodeIgniter.php(503): CodeIgniter\CodeIgniter->runController(Object(App\Controllers\Home))
 4 SYSTEMPATH\CodeIgniter.php(361): CodeIgniter\CodeIgniter->handleRequest(null, Object(Config\Cache), false)
 5 FCPATH\index.php(79): CodeIgniter\CodeIgniter->run()
ERROR - 2025-04-20 15:51:07 --> mysqli_sql_exception: Unknown column 'jumlah_terjual' in 'SELECT' in C:\xampp\htdocs\reynra-store\vendor\codeigniter4\framework\system\Database\MySQLi\Connection.php:306
Stack trace:
#0 C:\xampp\htdocs\reynra-store\vendor\codeigniter4\framework\system\Database\MySQLi\Connection.php(306): mysqli->query('SELECT SUM(`jum...', 0)
#1 C:\xampp\htdocs\reynra-store\vendor\codeigniter4\framework\system\Database\BaseConnection.php(693): CodeIgniter\Database\MySQLi\Connection->execute('SELECT SUM(`jum...')
#2 C:\xampp\htdocs\reynra-store\vendor\codeigniter4\framework\system\Database\BaseConnection.php(607): CodeIgniter\Database\BaseConnection->simpleQuery('SELECT SUM(`jum...')
#3 C:\xampp\htdocs\reynra-store\vendor\codeigniter4\framework\system\Database\BaseBuilder.php(1616): CodeIgniter\Database\BaseConnection->query('SELECT SUM(`jum...', Array, false)
#4 C:\xampp\htdocs\reynra-store\vendor\codeigniter4\framework\system\Model.php(271): CodeIgniter\Database\BaseBuilder->get()
#5 C:\xampp\htdocs\reynra-store\vendor\codeigniter4\framework\system\BaseModel.php(679): CodeIgniter\Model->doFirst()
#6 C:\xampp\htdocs\reynra-store\app\Controllers\Home.php(34): CodeIgniter\BaseModel->first()
#7 C:\xampp\htdocs\reynra-store\vendor\codeigniter4\framework\system\CodeIgniter.php(943): App\Controllers\Home->index()
#8 C:\xampp\htdocs\reynra-store\vendor\codeigniter4\framework\system\CodeIgniter.php(503): CodeIgniter\CodeIgniter->runController(Object(App\Controllers\Home))
#9 C:\xampp\htdocs\reynra-store\vendor\codeigniter4\framework\system\CodeIgniter.php(361): CodeIgniter\CodeIgniter->handleRequest(NULL, Object(Config\Cache), false)
#10 C:\xampp\htdocs\reynra-store\index.php(79): CodeIgniter\CodeIgniter->run()
#11 {main}
CRITICAL - 2025-04-20 15:51:07 --> CodeIgniter\Database\Exceptions\DatabaseException: Unknown column 'jumlah_terjual' in 'SELECT'
in SYSTEMPATH\Database\BaseConnection.php on line 647.
 1 SYSTEMPATH\Database\BaseBuilder.php(1616): CodeIgniter\Database\BaseConnection->query('SELECT SUM(`jumlah_terjual`) AS `jumlah_terjual`
FROM `produk`
 LIMIT 1', [], false)
 2 SYSTEMPATH\Model.php(271): CodeIgniter\Database\BaseBuilder->get()
 3 SYSTEMPATH\BaseModel.php(679): CodeIgniter\Model->doFirst()
 4 APPPATH\Controllers\Home.php(34): CodeIgniter\BaseModel->first()
 5 SYSTEMPATH\CodeIgniter.php(943): App\Controllers\Home->index()
 6 SYSTEMPATH\CodeIgniter.php(503): CodeIgniter\CodeIgniter->runController(Object(App\Controllers\Home))
 7 SYSTEMPATH\CodeIgniter.php(361): CodeIgniter\CodeIgniter->handleRequest(null, Object(Config\Cache), false)
 8 FCPATH\index.php(79): CodeIgniter\CodeIgniter->run()
CRITICAL - 2025-04-20 15:51:07 --> [Caused by] CodeIgniter\Database\Exceptions\DatabaseException: Unknown column 'jumlah_terjual' in 'SELECT'
in SYSTEMPATH\Database\MySQLi\Connection.php on line 311.
 1 SYSTEMPATH\Database\BaseConnection.php(693): CodeIgniter\Database\MySQLi\Connection->execute('SELECT SUM(`jumlah_terjual`) AS `jumlah_terjual`
FROM `produk`
 LIMIT 1')
 2 SYSTEMPATH\Database\BaseConnection.php(607): CodeIgniter\Database\BaseConnection->simpleQuery('SELECT SUM(`jumlah_terjual`) AS `jumlah_terjual`
FROM `produk`
 LIMIT 1')
 3 SYSTEMPATH\Database\BaseBuilder.php(1616): CodeIgniter\Database\BaseConnection->query('SELECT SUM(`jumlah_terjual`) AS `jumlah_terjual`
FROM `produk`
 LIMIT 1', [], false)
 4 SYSTEMPATH\Model.php(271): CodeIgniter\Database\BaseBuilder->get()
 5 SYSTEMPATH\BaseModel.php(679): CodeIgniter\Model->doFirst()
 6 APPPATH\Controllers\Home.php(34): CodeIgniter\BaseModel->first()
 7 SYSTEMPATH\CodeIgniter.php(943): App\Controllers\Home->index()
 8 SYSTEMPATH\CodeIgniter.php(503): CodeIgniter\CodeIgniter->runController(Object(App\Controllers\Home))
 9 SYSTEMPATH\CodeIgniter.php(361): CodeIgniter\CodeIgniter->handleRequest(null, Object(Config\Cache), false)
10 FCPATH\index.php(79): CodeIgniter\CodeIgniter->run()
CRITICAL - 2025-04-20 15:51:07 --> [Caused by] mysqli_sql_exception: Unknown column 'jumlah_terjual' in 'SELECT'
in SYSTEMPATH\Database\MySQLi\Connection.php on line 306.
 1 SYSTEMPATH\Database\MySQLi\Connection.php(306): mysqli->query('SELECT SUM(`jumlah_terjual`) AS `jumlah_terjual`
FROM `produk`
 LIMIT 1', 0)
 2 SYSTEMPATH\Database\BaseConnection.php(693): CodeIgniter\Database\MySQLi\Connection->execute('SELECT SUM(`jumlah_terjual`) AS `jumlah_terjual`
FROM `produk`
 LIMIT 1')
 3 SYSTEMPATH\Database\BaseConnection.php(607): CodeIgniter\Database\BaseConnection->simpleQuery('SELECT SUM(`jumlah_terjual`) AS `jumlah_terjual`
FROM `produk`
 LIMIT 1')
 4 SYSTEMPATH\Database\BaseBuilder.php(1616): CodeIgniter\Database\BaseConnection->query('SELECT SUM(`jumlah_terjual`) AS `jumlah_terjual`
FROM `produk`
 LIMIT 1', [], false)
 5 SYSTEMPATH\Model.php(271): CodeIgniter\Database\BaseBuilder->get()
 6 SYSTEMPATH\BaseModel.php(679): CodeIgniter\Model->doFirst()
 7 APPPATH\Controllers\Home.php(34): CodeIgniter\BaseModel->first()
 8 SYSTEMPATH\CodeIgniter.php(943): App\Controllers\Home->index()
 9 SYSTEMPATH\CodeIgniter.php(503): CodeIgniter\CodeIgniter->runController(Object(App\Controllers\Home))
10 SYSTEMPATH\CodeIgniter.php(361): CodeIgniter\CodeIgniter->handleRequest(null, Object(Config\Cache), false)
11 FCPATH\index.php(79): CodeIgniter\CodeIgniter->run()
CRITICAL - 2025-04-20 15:51:42 --> ErrorException: Undefined index: jumlah_terjual
in APPPATH\Controllers\Home.php on line 34.
 1 APPPATH\Controllers\Home.php(34): CodeIgniter\Debug\Exceptions->errorHandler(8, 'Undefined index: jumlah_terjual', 'C:\\xampp\\htdocs\\reynra-store\\app\\Controllers\\Home.php', 34, [...])
 2 SYSTEMPATH\CodeIgniter.php(943): App\Controllers\Home->index()
 3 SYSTEMPATH\CodeIgniter.php(503): CodeIgniter\CodeIgniter->runController(Object(App\Controllers\Home))
 4 SYSTEMPATH\CodeIgniter.php(361): CodeIgniter\CodeIgniter->handleRequest(null, Object(Config\Cache), false)
 5 FCPATH\index.php(79): CodeIgniter\CodeIgniter->run()
CRITICAL - 2025-04-20 15:51:47 --> CodeIgniter\View\Exceptions\ViewException: Invalid file: "dashboard/index.php"
in SYSTEMPATH\Exceptions\FrameworkException.php on line 39.
 1 SYSTEMPATH\View\View.php(216): CodeIgniter\Exceptions\FrameworkException::forInvalidFile('dashboard/index.php')
 2 SYSTEMPATH\Common.php(1178): CodeIgniter\View\View->render('dashboard/index', [], true)
 3 APPPATH\Controllers\Home.php(64): view('dashboard/index', [...])
 4 SYSTEMPATH\CodeIgniter.php(943): App\Controllers\Home->index()
 5 SYSTEMPATH\CodeIgniter.php(503): CodeIgniter\CodeIgniter->runController(Object(App\Controllers\Home))
 6 SYSTEMPATH\CodeIgniter.php(361): CodeIgniter\CodeIgniter->handleRequest(null, Object(Config\Cache), false)
 7 FCPATH\index.php(79): CodeIgniter\CodeIgniter->run()
CRITICAL - 2025-04-20 15:51:58 --> CodeIgniter\View\Exceptions\ViewException: Invalid file: "dashboard.php"
in SYSTEMPATH\Exceptions\FrameworkException.php on line 39.
 1 SYSTEMPATH\View\View.php(216): CodeIgniter\Exceptions\FrameworkException::forInvalidFile('dashboard.php')
 2 SYSTEMPATH\Common.php(1178): CodeIgniter\View\View->render('dashboard', [], true)
 3 APPPATH\Controllers\Home.php(64): view('dashboard', [...])
 4 SYSTEMPATH\CodeIgniter.php(943): App\Controllers\Home->index()
 5 SYSTEMPATH\CodeIgniter.php(503): CodeIgniter\CodeIgniter->runController(Object(App\Controllers\Home))
 6 SYSTEMPATH\CodeIgniter.php(361): CodeIgniter\CodeIgniter->handleRequest(null, Object(Config\Cache), false)
 7 FCPATH\index.php(79): CodeIgniter\CodeIgniter->run()
CRITICAL - 2025-04-20 15:53:51 --> Error: Call to undefined method App\Controllers\Home::getPreviousPenjualan()
in APPPATH\Controllers\Home.php on line 40.
 1 SYSTEMPATH\CodeIgniter.php(943): App\Controllers\Home->index()
 2 SYSTEMPATH\CodeIgniter.php(503): CodeIgniter\CodeIgniter->runController(Object(App\Controllers\Home))
 3 SYSTEMPATH\CodeIgniter.php(361): CodeIgniter\CodeIgniter->handleRequest(null, Object(Config\Cache), false)
 4 FCPATH\index.php(79): CodeIgniter\CodeIgniter->run()
ERROR - 2025-04-20 15:54:57 --> mysqli_sql_exception: Unknown column 'total_harga' in 'SELECT' in C:\xampp\htdocs\reynra-store\vendor\codeigniter4\framework\system\Database\MySQLi\Connection.php:306
Stack trace:
#0 C:\xampp\htdocs\reynra-store\vendor\codeigniter4\framework\system\Database\MySQLi\Connection.php(306): mysqli->query('SELECT SUM(`tot...', 0)
#1 C:\xampp\htdocs\reynra-store\vendor\codeigniter4\framework\system\Database\BaseConnection.php(693): CodeIgniter\Database\MySQLi\Connection->execute('SELECT SUM(`tot...')
#2 C:\xampp\htdocs\reynra-store\vendor\codeigniter4\framework\system\Database\BaseConnection.php(607): CodeIgniter\Database\BaseConnection->simpleQuery('SELECT SUM(`tot...')
#3 C:\xampp\htdocs\reynra-store\vendor\codeigniter4\framework\system\Database\BaseBuilder.php(1616): CodeIgniter\Database\BaseConnection->query('SELECT SUM(`tot...', Array, false)
#4 C:\xampp\htdocs\reynra-store\vendor\codeigniter4\framework\system\Model.php(271): CodeIgniter\Database\BaseBuilder->get()
#5 C:\xampp\htdocs\reynra-store\vendor\codeigniter4\framework\system\BaseModel.php(679): CodeIgniter\Model->doFirst()
#6 C:\xampp\htdocs\reynra-store\app\Controllers\Home.php(28): CodeIgniter\BaseModel->first()
#7 C:\xampp\htdocs\reynra-store\vendor\codeigniter4\framework\system\CodeIgniter.php(943): App\Controllers\Home->index()
#8 C:\xampp\htdocs\reynra-store\vendor\codeigniter4\framework\system\CodeIgniter.php(503): CodeIgniter\CodeIgniter->runController(Object(App\Controllers\Home))
#9 C:\xampp\htdocs\reynra-store\vendor\codeigniter4\framework\system\CodeIgniter.php(361): CodeIgniter\CodeIgniter->handleRequest(NULL, Object(Config\Cache), false)
#10 C:\xampp\htdocs\reynra-store\index.php(79): CodeIgniter\CodeIgniter->run()
#11 {main}
CRITICAL - 2025-04-20 15:54:57 --> CodeIgniter\Database\Exceptions\DatabaseException: Unknown column 'total_harga' in 'SELECT'
in SYSTEMPATH\Database\BaseConnection.php on line 647.
 1 SYSTEMPATH\Database\BaseBuilder.php(1616): CodeIgniter\Database\BaseConnection->query('SELECT SUM(`total_harga`) AS `total_harga`
FROM `penjualan`
 LIMIT 1', [], false)
 2 SYSTEMPATH\Model.php(271): CodeIgniter\Database\BaseBuilder->get()
 3 SYSTEMPATH\BaseModel.php(679): CodeIgniter\Model->doFirst()
 4 APPPATH\Controllers\Home.php(28): CodeIgniter\BaseModel->first()
 5 SYSTEMPATH\CodeIgniter.php(943): App\Controllers\Home->index()
 6 SYSTEMPATH\CodeIgniter.php(503): CodeIgniter\CodeIgniter->runController(Object(App\Controllers\Home))
 7 SYSTEMPATH\CodeIgniter.php(361): CodeIgniter\CodeIgniter->handleRequest(null, Object(Config\Cache), false)
 8 FCPATH\index.php(79): CodeIgniter\CodeIgniter->run()
CRITICAL - 2025-04-20 15:54:57 --> [Caused by] CodeIgniter\Database\Exceptions\DatabaseException: Unknown column 'total_harga' in 'SELECT'
in SYSTEMPATH\Database\MySQLi\Connection.php on line 311.
 1 SYSTEMPATH\Database\BaseConnection.php(693): CodeIgniter\Database\MySQLi\Connection->execute('SELECT SUM(`total_harga`) AS `total_harga`
FROM `penjualan`
 LIMIT 1')
 2 SYSTEMPATH\Database\BaseConnection.php(607): CodeIgniter\Database\BaseConnection->simpleQuery('SELECT SUM(`total_harga`) AS `total_harga`
FROM `penjualan`
 LIMIT 1')
 3 SYSTEMPATH\Database\BaseBuilder.php(1616): CodeIgniter\Database\BaseConnection->query('SELECT SUM(`total_harga`) AS `total_harga`
FROM `penjualan`
 LIMIT 1', [], false)
 4 SYSTEMPATH\Model.php(271): CodeIgniter\Database\BaseBuilder->get()
 5 SYSTEMPATH\BaseModel.php(679): CodeIgniter\Model->doFirst()
 6 APPPATH\Controllers\Home.php(28): CodeIgniter\BaseModel->first()
 7 SYSTEMPATH\CodeIgniter.php(943): App\Controllers\Home->index()
 8 SYSTEMPATH\CodeIgniter.php(503): CodeIgniter\CodeIgniter->runController(Object(App\Controllers\Home))
 9 SYSTEMPATH\CodeIgniter.php(361): CodeIgniter\CodeIgniter->handleRequest(null, Object(Config\Cache), false)
10 FCPATH\index.php(79): CodeIgniter\CodeIgniter->run()
CRITICAL - 2025-04-20 15:54:57 --> [Caused by] mysqli_sql_exception: Unknown column 'total_harga' in 'SELECT'
in SYSTEMPATH\Database\MySQLi\Connection.php on line 306.
 1 SYSTEMPATH\Database\MySQLi\Connection.php(306): mysqli->query('SELECT SUM(`total_harga`) AS `total_harga`
FROM `penjualan`
 LIMIT 1', 0)
 2 SYSTEMPATH\Database\BaseConnection.php(693): CodeIgniter\Database\MySQLi\Connection->execute('SELECT SUM(`total_harga`) AS `total_harga`
FROM `penjualan`
 LIMIT 1')
 3 SYSTEMPATH\Database\BaseConnection.php(607): CodeIgniter\Database\BaseConnection->simpleQuery('SELECT SUM(`total_harga`) AS `total_harga`
FROM `penjualan`
 LIMIT 1')
 4 SYSTEMPATH\Database\BaseBuilder.php(1616): CodeIgniter\Database\BaseConnection->query('SELECT SUM(`total_harga`) AS `total_harga`
FROM `penjualan`
 LIMIT 1', [], false)
 5 SYSTEMPATH\Model.php(271): CodeIgniter\Database\BaseBuilder->get()
 6 SYSTEMPATH\BaseModel.php(679): CodeIgniter\Model->doFirst()
 7 APPPATH\Controllers\Home.php(28): CodeIgniter\BaseModel->first()
 8 SYSTEMPATH\CodeIgniter.php(943): App\Controllers\Home->index()
 9 SYSTEMPATH\CodeIgniter.php(503): CodeIgniter\CodeIgniter->runController(Object(App\Controllers\Home))
10 SYSTEMPATH\CodeIgniter.php(361): CodeIgniter\CodeIgniter->handleRequest(null, Object(Config\Cache), false)
11 FCPATH\index.php(79): CodeIgniter\CodeIgniter->run()
ERROR - 2025-04-20 15:55:04 --> mysqli_sql_exception: Unknown column 'dp.jumlah' in 'SELECT' in C:\xampp\htdocs\reynra-store\vendor\codeigniter4\framework\system\Database\MySQLi\Connection.php:306
Stack trace:
#0 C:\xampp\htdocs\reynra-store\vendor\codeigniter4\framework\system\Database\MySQLi\Connection.php(306): mysqli->query('SELECT `dp`.`ju...', 0)
#1 C:\xampp\htdocs\reynra-store\vendor\codeigniter4\framework\system\Database\BaseConnection.php(693): CodeIgniter\Database\MySQLi\Connection->execute('SELECT `dp`.`ju...')
#2 C:\xampp\htdocs\reynra-store\vendor\codeigniter4\framework\system\Database\BaseConnection.php(607): CodeIgniter\Database\BaseConnection->simpleQuery('SELECT `dp`.`ju...')
#3 C:\xampp\htdocs\reynra-store\vendor\codeigniter4\framework\system\Database\BaseBuilder.php(1616): CodeIgniter\Database\BaseConnection->query('SELECT `dp`.`ju...', Array, false)
#4 C:\xampp\htdocs\reynra-store\vendor\codeigniter4\framework\system\Model.php(243): CodeIgniter\Database\BaseBuilder->get()
#5 C:\xampp\htdocs\reynra-store\vendor\codeigniter4\framework\system\BaseModel.php(641): CodeIgniter\Model->doFindAll(0, 0)
#6 C:\xampp\htdocs\reynra-store\app\Controllers\Home.php(80): CodeIgniter\BaseModel->findAll()
#7 C:\xampp\htdocs\reynra-store\app\Controllers\Home.php(32): App\Controllers\Home->calculateKeuntungan()
#8 C:\xampp\htdocs\reynra-store\vendor\codeigniter4\framework\system\CodeIgniter.php(943): App\Controllers\Home->index()
#9 C:\xampp\htdocs\reynra-store\vendor\codeigniter4\framework\system\CodeIgniter.php(503): CodeIgniter\CodeIgniter->runController(Object(App\Controllers\Home))
#10 C:\xampp\htdocs\reynra-store\vendor\codeigniter4\framework\system\CodeIgniter.php(361): CodeIgniter\CodeIgniter->handleRequest(NULL, Object(Config\Cache), false)
#11 C:\xampp\htdocs\reynra-store\index.php(79): CodeIgniter\CodeIgniter->run()
#12 {main}
CRITICAL - 2025-04-20 15:55:04 --> CodeIgniter\Database\Exceptions\DatabaseException: Unknown column 'dp.jumlah' in 'SELECT'
in SYSTEMPATH\Database\BaseConnection.php on line 647.
 1 SYSTEMPATH\Database\BaseBuilder.php(1616): CodeIgniter\Database\BaseConnection->query('SELECT `dp`.`jumlah`, `p`.`harga_beli`, `p`.`harga_jual`
FROM `detail_penjualan`
JOIN `produk` `p` ON `p`.`id` = `dp`.`produk_id`', [], false)
 2 SYSTEMPATH\Model.php(243): CodeIgniter\Database\BaseBuilder->get()
 3 SYSTEMPATH\BaseModel.php(641): CodeIgniter\Model->doFindAll(0, 0)
 4 APPPATH\Controllers\Home.php(80): CodeIgniter\BaseModel->findAll()
 5 APPPATH\Controllers\Home.php(32): App\Controllers\Home->calculateKeuntungan()
 6 SYSTEMPATH\CodeIgniter.php(943): App\Controllers\Home->index()
 7 SYSTEMPATH\CodeIgniter.php(503): CodeIgniter\CodeIgniter->runController(Object(App\Controllers\Home))
 8 SYSTEMPATH\CodeIgniter.php(361): CodeIgniter\CodeIgniter->handleRequest(null, Object(Config\Cache), false)
 9 FCPATH\index.php(79): CodeIgniter\CodeIgniter->run()
CRITICAL - 2025-04-20 15:55:04 --> [Caused by] CodeIgniter\Database\Exceptions\DatabaseException: Unknown column 'dp.jumlah' in 'SELECT'
in SYSTEMPATH\Database\MySQLi\Connection.php on line 311.
 1 SYSTEMPATH\Database\BaseConnection.php(693): CodeIgniter\Database\MySQLi\Connection->execute('SELECT `dp`.`jumlah`, `p`.`harga_beli`, `p`.`harga_jual`
FROM `detail_penjualan`
JOIN `produk` `p` ON `p`.`id` = `dp`.`produk_id`')
 2 SYSTEMPATH\Database\BaseConnection.php(607): CodeIgniter\Database\BaseConnection->simpleQuery('SELECT `dp`.`jumlah`, `p`.`harga_beli`, `p`.`harga_jual`
FROM `detail_penjualan`
JOIN `produk` `p` ON `p`.`id` = `dp`.`produk_id`')
 3 SYSTEMPATH\Database\BaseBuilder.php(1616): CodeIgniter\Database\BaseConnection->query('SELECT `dp`.`jumlah`, `p`.`harga_beli`, `p`.`harga_jual`
FROM `detail_penjualan`
JOIN `produk` `p` ON `p`.`id` = `dp`.`produk_id`', [], false)
 4 SYSTEMPATH\Model.php(243): CodeIgniter\Database\BaseBuilder->get()
 5 SYSTEMPATH\BaseModel.php(641): CodeIgniter\Model->doFindAll(0, 0)
 6 APPPATH\Controllers\Home.php(80): CodeIgniter\BaseModel->findAll()
 7 APPPATH\Controllers\Home.php(32): App\Controllers\Home->calculateKeuntungan()
 8 SYSTEMPATH\CodeIgniter.php(943): App\Controllers\Home->index()
 9 SYSTEMPATH\CodeIgniter.php(503): CodeIgniter\CodeIgniter->runController(Object(App\Controllers\Home))
10 SYSTEMPATH\CodeIgniter.php(361): CodeIgniter\CodeIgniter->handleRequest(null, Object(Config\Cache), false)
11 FCPATH\index.php(79): CodeIgniter\CodeIgniter->run()
CRITICAL - 2025-04-20 15:55:04 --> [Caused by] mysqli_sql_exception: Unknown column 'dp.jumlah' in 'SELECT'
in SYSTEMPATH\Database\MySQLi\Connection.php on line 306.
 1 SYSTEMPATH\Database\MySQLi\Connection.php(306): mysqli->query('SELECT `dp`.`jumlah`, `p`.`harga_beli`, `p`.`harga_jual`
FROM `detail_penjualan`
JOIN `produk` `p` ON `p`.`id` = `dp`.`produk_id`', 0)
 2 SYSTEMPATH\Database\BaseConnection.php(693): CodeIgniter\Database\MySQLi\Connection->execute('SELECT `dp`.`jumlah`, `p`.`harga_beli`, `p`.`harga_jual`
FROM `detail_penjualan`
JOIN `produk` `p` ON `p`.`id` = `dp`.`produk_id`')
 3 SYSTEMPATH\Database\BaseConnection.php(607): CodeIgniter\Database\BaseConnection->simpleQuery('SELECT `dp`.`jumlah`, `p`.`harga_beli`, `p`.`harga_jual`
FROM `detail_penjualan`
JOIN `produk` `p` ON `p`.`id` = `dp`.`produk_id`')
 4 SYSTEMPATH\Database\BaseBuilder.php(1616): CodeIgniter\Database\BaseConnection->query('SELECT `dp`.`jumlah`, `p`.`harga_beli`, `p`.`harga_jual`
FROM `detail_penjualan`
JOIN `produk` `p` ON `p`.`id` = `dp`.`produk_id`', [], false)
 5 SYSTEMPATH\Model.php(243): CodeIgniter\Database\BaseBuilder->get()
 6 SYSTEMPATH\BaseModel.php(641): CodeIgniter\Model->doFindAll(0, 0)
 7 APPPATH\Controllers\Home.php(80): CodeIgniter\BaseModel->findAll()
 8 APPPATH\Controllers\Home.php(32): App\Controllers\Home->calculateKeuntungan()
 9 SYSTEMPATH\CodeIgniter.php(943): App\Controllers\Home->index()
10 SYSTEMPATH\CodeIgniter.php(503): CodeIgniter\CodeIgniter->runController(Object(App\Controllers\Home))
11 SYSTEMPATH\CodeIgniter.php(361): CodeIgniter\CodeIgniter->handleRequest(null, Object(Config\Cache), false)
12 FCPATH\index.php(79): CodeIgniter\CodeIgniter->run()
ERROR - 2025-04-20 15:55:59 --> mysqli_sql_exception: Unknown column 'total_harga' in 'SELECT' in C:\xampp\htdocs\reynra-store\vendor\codeigniter4\framework\system\Database\MySQLi\Connection.php:306
Stack trace:
#0 C:\xampp\htdocs\reynra-store\vendor\codeigniter4\framework\system\Database\MySQLi\Connection.php(306): mysqli->query('SELECT SUM(`tot...', 0)
#1 C:\xampp\htdocs\reynra-store\vendor\codeigniter4\framework\system\Database\BaseConnection.php(693): CodeIgniter\Database\MySQLi\Connection->execute('SELECT SUM(`tot...')
#2 C:\xampp\htdocs\reynra-store\vendor\codeigniter4\framework\system\Database\BaseConnection.php(607): CodeIgniter\Database\BaseConnection->simpleQuery('SELECT SUM(`tot...')
#3 C:\xampp\htdocs\reynra-store\vendor\codeigniter4\framework\system\Database\BaseBuilder.php(1616): CodeIgniter\Database\BaseConnection->query('SELECT SUM(`tot...', Array, false)
#4 C:\xampp\htdocs\reynra-store\vendor\codeigniter4\framework\system\Model.php(271): CodeIgniter\Database\BaseBuilder->get()
#5 C:\xampp\htdocs\reynra-store\vendor\codeigniter4\framework\system\BaseModel.php(679): CodeIgniter\Model->doFirst()
#6 C:\xampp\htdocs\reynra-store\app\Controllers\Home.php(109): CodeIgniter\BaseModel->first()
#7 C:\xampp\htdocs\reynra-store\app\Controllers\Home.php(43): App\Controllers\Home->getPreviousData()
#8 C:\xampp\htdocs\reynra-store\vendor\codeigniter4\framework\system\CodeIgniter.php(943): App\Controllers\Home->index()
#9 C:\xampp\htdocs\reynra-store\vendor\codeigniter4\framework\system\CodeIgniter.php(503): CodeIgniter\CodeIgniter->runController(Object(App\Controllers\Home))
#10 C:\xampp\htdocs\reynra-store\vendor\codeigniter4\framework\system\CodeIgniter.php(361): CodeIgniter\CodeIgniter->handleRequest(NULL, Object(Config\Cache), false)
#11 C:\xampp\htdocs\reynra-store\index.php(79): CodeIgniter\CodeIgniter->run()
#12 {main}
CRITICAL - 2025-04-20 15:55:59 --> CodeIgniter\Database\Exceptions\DatabaseException: Unknown column 'total_harga' in 'SELECT'
in SYSTEMPATH\Database\BaseConnection.php on line 647.
 1 SYSTEMPATH\Database\BaseBuilder.php(1616): CodeIgniter\Database\BaseConnection->query('SELECT SUM(`total_harga`) AS `total_harga`
FROM `penjualan`
WHERE MONTH(tanggal) = :MONTH(tanggal):
 LIMIT 1', [...], false)
 2 SYSTEMPATH\Model.php(271): CodeIgniter\Database\BaseBuilder->get()
 3 SYSTEMPATH\BaseModel.php(679): CodeIgniter\Model->doFirst()
 4 APPPATH\Controllers\Home.php(109): CodeIgniter\BaseModel->first()
 5 APPPATH\Controllers\Home.php(43): App\Controllers\Home->getPreviousData()
 6 SYSTEMPATH\CodeIgniter.php(943): App\Controllers\Home->index()
 7 SYSTEMPATH\CodeIgniter.php(503): CodeIgniter\CodeIgniter->runController(Object(App\Controllers\Home))
 8 SYSTEMPATH\CodeIgniter.php(361): CodeIgniter\CodeIgniter->handleRequest(null, Object(Config\Cache), false)
 9 FCPATH\index.php(79): CodeIgniter\CodeIgniter->run()
CRITICAL - 2025-04-20 15:55:59 --> [Caused by] CodeIgniter\Database\Exceptions\DatabaseException: Unknown column 'total_harga' in 'SELECT'
in SYSTEMPATH\Database\MySQLi\Connection.php on line 311.
 1 SYSTEMPATH\Database\BaseConnection.php(693): CodeIgniter\Database\MySQLi\Connection->execute('SELECT SUM(`total_harga`) AS `total_harga`
FROM `penjualan`
WHERE MONTH(tanggal) = 3
 LIMIT 1')
 2 SYSTEMPATH\Database\BaseConnection.php(607): CodeIgniter\Database\BaseConnection->simpleQuery('SELECT SUM(`total_harga`) AS `total_harga`
FROM `penjualan`
WHERE MONTH(tanggal) = 3
 LIMIT 1')
 3 SYSTEMPATH\Database\BaseBuilder.php(1616): CodeIgniter\Database\BaseConnection->query('SELECT SUM(`total_harga`) AS `total_harga`
FROM `penjualan`
WHERE MONTH(tanggal) = :MONTH(tanggal):
 LIMIT 1', [...], false)
 4 SYSTEMPATH\Model.php(271): CodeIgniter\Database\BaseBuilder->get()
 5 SYSTEMPATH\BaseModel.php(679): CodeIgniter\Model->doFirst()
 6 APPPATH\Controllers\Home.php(109): CodeIgniter\BaseModel->first()
 7 APPPATH\Controllers\Home.php(43): App\Controllers\Home->getPreviousData()
 8 SYSTEMPATH\CodeIgniter.php(943): App\Controllers\Home->index()
 9 SYSTEMPATH\CodeIgniter.php(503): CodeIgniter\CodeIgniter->runController(Object(App\Controllers\Home))
10 SYSTEMPATH\CodeIgniter.php(361): CodeIgniter\CodeIgniter->handleRequest(null, Object(Config\Cache), false)
11 FCPATH\index.php(79): CodeIgniter\CodeIgniter->run()
CRITICAL - 2025-04-20 15:55:59 --> [Caused by] mysqli_sql_exception: Unknown column 'total_harga' in 'SELECT'
in SYSTEMPATH\Database\MySQLi\Connection.php on line 306.
 1 SYSTEMPATH\Database\MySQLi\Connection.php(306): mysqli->query('SELECT SUM(`total_harga`) AS `total_harga`
FROM `penjualan`
WHERE MONTH(tanggal) = 3
 LIMIT 1', 0)
 2 SYSTEMPATH\Database\BaseConnection.php(693): CodeIgniter\Database\MySQLi\Connection->execute('SELECT SUM(`total_harga`) AS `total_harga`
FROM `penjualan`
WHERE MONTH(tanggal) = 3
 LIMIT 1')
 3 SYSTEMPATH\Database\BaseConnection.php(607): CodeIgniter\Database\BaseConnection->simpleQuery('SELECT SUM(`total_harga`) AS `total_harga`
FROM `penjualan`
WHERE MONTH(tanggal) = 3
 LIMIT 1')
 4 SYSTEMPATH\Database\BaseBuilder.php(1616): CodeIgniter\Database\BaseConnection->query('SELECT SUM(`total_harga`) AS `total_harga`
FROM `penjualan`
WHERE MONTH(tanggal) = :MONTH(tanggal):
 LIMIT 1', [...], false)
 5 SYSTEMPATH\Model.php(271): CodeIgniter\Database\BaseBuilder->get()
 6 SYSTEMPATH\BaseModel.php(679): CodeIgniter\Model->doFirst()
 7 APPPATH\Controllers\Home.php(109): CodeIgniter\BaseModel->first()
 8 APPPATH\Controllers\Home.php(43): App\Controllers\Home->getPreviousData()
 9 SYSTEMPATH\CodeIgniter.php(943): App\Controllers\Home->index()
10 SYSTEMPATH\CodeIgniter.php(503): CodeIgniter\CodeIgniter->runController(Object(App\Controllers\Home))
11 SYSTEMPATH\CodeIgniter.php(361): CodeIgniter\CodeIgniter->handleRequest(null, Object(Config\Cache), false)
12 FCPATH\index.php(79): CodeIgniter\CodeIgniter->run()
ERROR - 2025-04-20 15:56:06 --> mysqli_sql_exception: Unknown column 'dp.jumlah' in 'SELECT' in C:\xampp\htdocs\reynra-store\vendor\codeigniter4\framework\system\Database\MySQLi\Connection.php:306
Stack trace:
#0 C:\xampp\htdocs\reynra-store\vendor\codeigniter4\framework\system\Database\MySQLi\Connection.php(306): mysqli->query('SELECT `dp`.`ju...', 0)
#1 C:\xampp\htdocs\reynra-store\vendor\codeigniter4\framework\system\Database\BaseConnection.php(693): CodeIgniter\Database\MySQLi\Connection->execute('SELECT `dp`.`ju...')
#2 C:\xampp\htdocs\reynra-store\vendor\codeigniter4\framework\system\Database\BaseConnection.php(607): CodeIgniter\Database\BaseConnection->simpleQuery('SELECT `dp`.`ju...')
#3 C:\xampp\htdocs\reynra-store\vendor\codeigniter4\framework\system\Database\BaseBuilder.php(1616): CodeIgniter\Database\BaseConnection->query('SELECT `dp`.`ju...', Array, false)
#4 C:\xampp\htdocs\reynra-store\vendor\codeigniter4\framework\system\Model.php(243): CodeIgniter\Database\BaseBuilder->get()
#5 C:\xampp\htdocs\reynra-store\vendor\codeigniter4\framework\system\BaseModel.php(641): CodeIgniter\Model->doFindAll(0, 0)
#6 C:\xampp\htdocs\reynra-store\app\Controllers\Home.php(117): CodeIgniter\BaseModel->findAll()
#7 C:\xampp\htdocs\reynra-store\app\Controllers\Home.php(43): App\Controllers\Home->getPreviousData()
#8 C:\xampp\htdocs\reynra-store\vendor\codeigniter4\framework\system\CodeIgniter.php(943): App\Controllers\Home->index()
#9 C:\xampp\htdocs\reynra-store\vendor\codeigniter4\framework\system\CodeIgniter.php(503): CodeIgniter\CodeIgniter->runController(Object(App\Controllers\Home))
#10 C:\xampp\htdocs\reynra-store\vendor\codeigniter4\framework\system\CodeIgniter.php(361): CodeIgniter\CodeIgniter->handleRequest(NULL, Object(Config\Cache), false)
#11 C:\xampp\htdocs\reynra-store\index.php(79): CodeIgniter\CodeIgniter->run()
#12 {main}
CRITICAL - 2025-04-20 15:56:06 --> CodeIgniter\Database\Exceptions\DatabaseException: Unknown column 'dp.jumlah' in 'SELECT'
in SYSTEMPATH\Database\BaseConnection.php on line 647.
 1 SYSTEMPATH\Database\BaseBuilder.php(1616): CodeIgniter\Database\BaseConnection->query('SELECT `dp`.`jumlah`, `p`.`harga_beli`, `p`.`harga_jual`
FROM `detail_penjualan`
JOIN `produk` `p` ON `p`.`id` = `dp`.`produk_id`
WHERE MONTH(dp.tanggal) = :MONTH(dp.tanggal):', [...], false)
 2 SYSTEMPATH\Model.php(243): CodeIgniter\Database\BaseBuilder->get()
 3 SYSTEMPATH\BaseModel.php(641): CodeIgniter\Model->doFindAll(0, 0)
 4 APPPATH\Controllers\Home.php(117): CodeIgniter\BaseModel->findAll()
 5 APPPATH\Controllers\Home.php(43): App\Controllers\Home->getPreviousData()
 6 SYSTEMPATH\CodeIgniter.php(943): App\Controllers\Home->index()
 7 SYSTEMPATH\CodeIgniter.php(503): CodeIgniter\CodeIgniter->runController(Object(App\Controllers\Home))
 8 SYSTEMPATH\CodeIgniter.php(361): CodeIgniter\CodeIgniter->handleRequest(null, Object(Config\Cache), false)
 9 FCPATH\index.php(79): CodeIgniter\CodeIgniter->run()
CRITICAL - 2025-04-20 15:56:06 --> [Caused by] CodeIgniter\Database\Exceptions\DatabaseException: Unknown column 'dp.jumlah' in 'SELECT'
in SYSTEMPATH\Database\MySQLi\Connection.php on line 311.
 1 SYSTEMPATH\Database\BaseConnection.php(693): CodeIgniter\Database\MySQLi\Connection->execute('SELECT `dp`.`jumlah`, `p`.`harga_beli`, `p`.`harga_jual`
FROM `detail_penjualan`
JOIN `produk` `p` ON `p`.`id` = `dp`.`produk_id`
WHERE MONTH(dp.tanggal) = 3')
 2 SYSTEMPATH\Database\BaseConnection.php(607): CodeIgniter\Database\BaseConnection->simpleQuery('SELECT `dp`.`jumlah`, `p`.`harga_beli`, `p`.`harga_jual`
FROM `detail_penjualan`
JOIN `produk` `p` ON `p`.`id` = `dp`.`produk_id`
WHERE MONTH(dp.tanggal) = 3')
 3 SYSTEMPATH\Database\BaseBuilder.php(1616): CodeIgniter\Database\BaseConnection->query('SELECT `dp`.`jumlah`, `p`.`harga_beli`, `p`.`harga_jual`
FROM `detail_penjualan`
JOIN `produk` `p` ON `p`.`id` = `dp`.`produk_id`
WHERE MONTH(dp.tanggal) = :MONTH(dp.tanggal):', [...], false)
 4 SYSTEMPATH\Model.php(243): CodeIgniter\Database\BaseBuilder->get()
 5 SYSTEMPATH\BaseModel.php(641): CodeIgniter\Model->doFindAll(0, 0)
 6 APPPATH\Controllers\Home.php(117): CodeIgniter\BaseModel->findAll()
 7 APPPATH\Controllers\Home.php(43): App\Controllers\Home->getPreviousData()
 8 SYSTEMPATH\CodeIgniter.php(943): App\Controllers\Home->index()
 9 SYSTEMPATH\CodeIgniter.php(503): CodeIgniter\CodeIgniter->runController(Object(App\Controllers\Home))
10 SYSTEMPATH\CodeIgniter.php(361): CodeIgniter\CodeIgniter->handleRequest(null, Object(Config\Cache), false)
11 FCPATH\index.php(79): CodeIgniter\CodeIgniter->run()
CRITICAL - 2025-04-20 15:56:06 --> [Caused by] mysqli_sql_exception: Unknown column 'dp.jumlah' in 'SELECT'
in SYSTEMPATH\Database\MySQLi\Connection.php on line 306.
 1 SYSTEMPATH\Database\MySQLi\Connection.php(306): mysqli->query('SELECT `dp`.`jumlah`, `p`.`harga_beli`, `p`.`harga_jual`
FROM `detail_penjualan`
JOIN `produk` `p` ON `p`.`id` = `dp`.`produk_id`
WHERE MONTH(dp.tanggal) = 3', 0)
 2 SYSTEMPATH\Database\BaseConnection.php(693): CodeIgniter\Database\MySQLi\Connection->execute('SELECT `dp`.`jumlah`, `p`.`harga_beli`, `p`.`harga_jual`
FROM `detail_penjualan`
JOIN `produk` `p` ON `p`.`id` = `dp`.`produk_id`
WHERE MONTH(dp.tanggal) = 3')
 3 SYSTEMPATH\Database\BaseConnection.php(607): CodeIgniter\Database\BaseConnection->simpleQuery('SELECT `dp`.`jumlah`, `p`.`harga_beli`, `p`.`harga_jual`
FROM `detail_penjualan`
JOIN `produk` `p` ON `p`.`id` = `dp`.`produk_id`
WHERE MONTH(dp.tanggal) = 3')
 4 SYSTEMPATH\Database\BaseBuilder.php(1616): CodeIgniter\Database\BaseConnection->query('SELECT `dp`.`jumlah`, `p`.`harga_beli`, `p`.`harga_jual`
FROM `detail_penjualan`
JOIN `produk` `p` ON `p`.`id` = `dp`.`produk_id`
WHERE MONTH(dp.tanggal) = :MONTH(dp.tanggal):', [...], false)
 5 SYSTEMPATH\Model.php(243): CodeIgniter\Database\BaseBuilder->get()
 6 SYSTEMPATH\BaseModel.php(641): CodeIgniter\Model->doFindAll(0, 0)
 7 APPPATH\Controllers\Home.php(117): CodeIgniter\BaseModel->findAll()
 8 APPPATH\Controllers\Home.php(43): App\Controllers\Home->getPreviousData()
 9 SYSTEMPATH\CodeIgniter.php(943): App\Controllers\Home->index()
10 SYSTEMPATH\CodeIgniter.php(503): CodeIgniter\CodeIgniter->runController(Object(App\Controllers\Home))
11 SYSTEMPATH\CodeIgniter.php(361): CodeIgniter\CodeIgniter->handleRequest(null, Object(Config\Cache), false)
12 FCPATH\index.php(79): CodeIgniter\CodeIgniter->run()
ERROR - 2025-04-20 15:56:29 --> mysqli_sql_exception: Unknown column 'detail_penjualan.tanggal' in 'WHERE' in C:\xampp\htdocs\reynra-store\vendor\codeigniter4\framework\system\Database\MySQLi\Connection.php:306
Stack trace:
#0 C:\xampp\htdocs\reynra-store\vendor\codeigniter4\framework\system\Database\MySQLi\Connection.php(306): mysqli->query('SELECT `detail_...', 0)
#1 C:\xampp\htdocs\reynra-store\vendor\codeigniter4\framework\system\Database\BaseConnection.php(693): CodeIgniter\Database\MySQLi\Connection->execute('SELECT `detail_...')
#2 C:\xampp\htdocs\reynra-store\vendor\codeigniter4\framework\system\Database\BaseConnection.php(607): CodeIgniter\Database\BaseConnection->simpleQuery('SELECT `detail_...')
#3 C:\xampp\htdocs\reynra-store\vendor\codeigniter4\framework\system\Database\BaseBuilder.php(1616): CodeIgniter\Database\BaseConnection->query('SELECT `detail_...', Array, false)
#4 C:\xampp\htdocs\reynra-store\vendor\codeigniter4\framework\system\Model.php(243): CodeIgniter\Database\BaseBuilder->get()
#5 C:\xampp\htdocs\reynra-store\vendor\codeigniter4\framework\system\BaseModel.php(641): CodeIgniter\Model->doFindAll(0, 0)
#6 C:\xampp\htdocs\reynra-store\app\Controllers\Home.php(117): CodeIgniter\BaseModel->findAll()
#7 C:\xampp\htdocs\reynra-store\app\Controllers\Home.php(43): App\Controllers\Home->getPreviousData()
#8 C:\xampp\htdocs\reynra-store\vendor\codeigniter4\framework\system\CodeIgniter.php(943): App\Controllers\Home->index()
#9 C:\xampp\htdocs\reynra-store\vendor\codeigniter4\framework\system\CodeIgniter.php(503): CodeIgniter\CodeIgniter->runController(Object(App\Controllers\Home))
#10 C:\xampp\htdocs\reynra-store\vendor\codeigniter4\framework\system\CodeIgniter.php(361): CodeIgniter\CodeIgniter->handleRequest(NULL, Object(Config\Cache), false)
#11 C:\xampp\htdocs\reynra-store\index.php(79): CodeIgniter\CodeIgniter->run()
#12 {main}
CRITICAL - 2025-04-20 15:56:29 --> CodeIgniter\Database\Exceptions\DatabaseException: Unknown column 'detail_penjualan.tanggal' in 'WHERE'
in SYSTEMPATH\Database\BaseConnection.php on line 647.
 1 SYSTEMPATH\Database\BaseBuilder.php(1616): CodeIgniter\Database\BaseConnection->query('SELECT `detail_penjualan`.`jumlah`, `produk`.`harga_beli`, `produk`.`harga_jual`
FROM `detail_penjualan`
JOIN `produk` ON `produk`.`id` = `detail_penjualan`.`produk_id`
WHERE MONTH(detail_penjualan.tanggal) = :MONTH(detail_penjualan.tanggal):', [...], false)
 2 SYSTEMPATH\Model.php(243): CodeIgniter\Database\BaseBuilder->get()
 3 SYSTEMPATH\BaseModel.php(641): CodeIgniter\Model->doFindAll(0, 0)
 4 APPPATH\Controllers\Home.php(117): CodeIgniter\BaseModel->findAll()
 5 APPPATH\Controllers\Home.php(43): App\Controllers\Home->getPreviousData()
 6 SYSTEMPATH\CodeIgniter.php(943): App\Controllers\Home->index()
 7 SYSTEMPATH\CodeIgniter.php(503): CodeIgniter\CodeIgniter->runController(Object(App\Controllers\Home))
 8 SYSTEMPATH\CodeIgniter.php(361): CodeIgniter\CodeIgniter->handleRequest(null, Object(Config\Cache), false)
 9 FCPATH\index.php(79): CodeIgniter\CodeIgniter->run()
CRITICAL - 2025-04-20 15:56:29 --> [Caused by] CodeIgniter\Database\Exceptions\DatabaseException: Unknown column 'detail_penjualan.tanggal' in 'WHERE'
in SYSTEMPATH\Database\MySQLi\Connection.php on line 311.
 1 SYSTEMPATH\Database\BaseConnection.php(693): CodeIgniter\Database\MySQLi\Connection->execute('SELECT `detail_penjualan`.`jumlah`, `produk`.`harga_beli`, `produk`.`harga_jual`
FROM `detail_penjualan`
JOIN `produk` ON `produk`.`id` = `detail_penjualan`.`produk_id`
WHERE MONTH(detail_penjualan.tanggal) = 3')
 2 SYSTEMPATH\Database\BaseConnection.php(607): CodeIgniter\Database\BaseConnection->simpleQuery('SELECT `detail_penjualan`.`jumlah`, `produk`.`harga_beli`, `produk`.`harga_jual`
FROM `detail_penjualan`
JOIN `produk` ON `produk`.`id` = `detail_penjualan`.`produk_id`
WHERE MONTH(detail_penjualan.tanggal) = 3')
 3 SYSTEMPATH\Database\BaseBuilder.php(1616): CodeIgniter\Database\BaseConnection->query('SELECT `detail_penjualan`.`jumlah`, `produk`.`harga_beli`, `produk`.`harga_jual`
FROM `detail_penjualan`
JOIN `produk` ON `produk`.`id` = `detail_penjualan`.`produk_id`
WHERE MONTH(detail_penjualan.tanggal) = :MONTH(detail_penjualan.tanggal):', [...], false)
 4 SYSTEMPATH\Model.php(243): CodeIgniter\Database\BaseBuilder->get()
 5 SYSTEMPATH\BaseModel.php(641): CodeIgniter\Model->doFindAll(0, 0)
 6 APPPATH\Controllers\Home.php(117): CodeIgniter\BaseModel->findAll()
 7 APPPATH\Controllers\Home.php(43): App\Controllers\Home->getPreviousData()
 8 SYSTEMPATH\CodeIgniter.php(943): App\Controllers\Home->index()
 9 SYSTEMPATH\CodeIgniter.php(503): CodeIgniter\CodeIgniter->runController(Object(App\Controllers\Home))
10 SYSTEMPATH\CodeIgniter.php(361): CodeIgniter\CodeIgniter->handleRequest(null, Object(Config\Cache), false)
11 FCPATH\index.php(79): CodeIgniter\CodeIgniter->run()
CRITICAL - 2025-04-20 15:56:29 --> [Caused by] mysqli_sql_exception: Unknown column 'detail_penjualan.tanggal' in 'WHERE'
in SYSTEMPATH\Database\MySQLi\Connection.php on line 306.
 1 SYSTEMPATH\Database\MySQLi\Connection.php(306): mysqli->query('SELECT `detail_penjualan`.`jumlah`, `produk`.`harga_beli`, `produk`.`harga_jual`
FROM `detail_penjualan`
JOIN `produk` ON `produk`.`id` = `detail_penjualan`.`produk_id`
WHERE MONTH(detail_penjualan.tanggal) = 3', 0)
 2 SYSTEMPATH\Database\BaseConnection.php(693): CodeIgniter\Database\MySQLi\Connection->execute('SELECT `detail_penjualan`.`jumlah`, `produk`.`harga_beli`, `produk`.`harga_jual`
FROM `detail_penjualan`
JOIN `produk` ON `produk`.`id` = `detail_penjualan`.`produk_id`
WHERE MONTH(detail_penjualan.tanggal) = 3')
 3 SYSTEMPATH\Database\BaseConnection.php(607): CodeIgniter\Database\BaseConnection->simpleQuery('SELECT `detail_penjualan`.`jumlah`, `produk`.`harga_beli`, `produk`.`harga_jual`
FROM `detail_penjualan`
JOIN `produk` ON `produk`.`id` = `detail_penjualan`.`produk_id`
WHERE MONTH(detail_penjualan.tanggal) = 3')
 4 SYSTEMPATH\Database\BaseBuilder.php(1616): CodeIgniter\Database\BaseConnection->query('SELECT `detail_penjualan`.`jumlah`, `produk`.`harga_beli`, `produk`.`harga_jual`
FROM `detail_penjualan`
JOIN `produk` ON `produk`.`id` = `detail_penjualan`.`produk_id`
WHERE MONTH(detail_penjualan.tanggal) = :MONTH(detail_penjualan.tanggal):', [...], false)
 5 SYSTEMPATH\Model.php(243): CodeIgniter\Database\BaseBuilder->get()
 6 SYSTEMPATH\BaseModel.php(641): CodeIgniter\Model->doFindAll(0, 0)
 7 APPPATH\Controllers\Home.php(117): CodeIgniter\BaseModel->findAll()
 8 APPPATH\Controllers\Home.php(43): App\Controllers\Home->getPreviousData()
 9 SYSTEMPATH\CodeIgniter.php(943): App\Controllers\Home->index()
10 SYSTEMPATH\CodeIgniter.php(503): CodeIgniter\CodeIgniter->runController(Object(App\Controllers\Home))
11 SYSTEMPATH\CodeIgniter.php(361): CodeIgniter\CodeIgniter->handleRequest(null, Object(Config\Cache), false)
12 FCPATH\index.php(79): CodeIgniter\CodeIgniter->run()
ERROR - 2025-04-20 16:01:31 --> mysqli_sql_exception: Unknown column 'detail_penjualan.tanggal' in 'WHERE' in C:\xampp\htdocs\reynra-store\vendor\codeigniter4\framework\system\Database\MySQLi\Connection.php:306
Stack trace:
#0 C:\xampp\htdocs\reynra-store\vendor\codeigniter4\framework\system\Database\MySQLi\Connection.php(306): mysqli->query('SELECT `detail_...', 0)
#1 C:\xampp\htdocs\reynra-store\vendor\codeigniter4\framework\system\Database\BaseConnection.php(693): CodeIgniter\Database\MySQLi\Connection->execute('SELECT `detail_...')
#2 C:\xampp\htdocs\reynra-store\vendor\codeigniter4\framework\system\Database\BaseConnection.php(607): CodeIgniter\Database\BaseConnection->simpleQuery('SELECT `detail_...')
#3 C:\xampp\htdocs\reynra-store\vendor\codeigniter4\framework\system\Database\BaseBuilder.php(1616): CodeIgniter\Database\BaseConnection->query('SELECT `detail_...', Array, false)
#4 C:\xampp\htdocs\reynra-store\vendor\codeigniter4\framework\system\Model.php(243): CodeIgniter\Database\BaseBuilder->get()
#5 C:\xampp\htdocs\reynra-store\vendor\codeigniter4\framework\system\BaseModel.php(641): CodeIgniter\Model->doFindAll(0, 0)
#6 C:\xampp\htdocs\reynra-store\app\Controllers\Home.php(117): CodeIgniter\BaseModel->findAll()
#7 C:\xampp\htdocs\reynra-store\app\Controllers\Home.php(43): App\Controllers\Home->getPreviousData()
#8 C:\xampp\htdocs\reynra-store\vendor\codeigniter4\framework\system\CodeIgniter.php(943): App\Controllers\Home->index()
#9 C:\xampp\htdocs\reynra-store\vendor\codeigniter4\framework\system\CodeIgniter.php(503): CodeIgniter\CodeIgniter->runController(Object(App\Controllers\Home))
#10 C:\xampp\htdocs\reynra-store\vendor\codeigniter4\framework\system\CodeIgniter.php(361): CodeIgniter\CodeIgniter->handleRequest(NULL, Object(Config\Cache), false)
#11 C:\xampp\htdocs\reynra-store\index.php(79): CodeIgniter\CodeIgniter->run()
#12 {main}
CRITICAL - 2025-04-20 16:01:31 --> CodeIgniter\Database\Exceptions\DatabaseException: Unknown column 'detail_penjualan.tanggal' in 'WHERE'
in SYSTEMPATH\Database\BaseConnection.php on line 647.
 1 SYSTEMPATH\Database\BaseBuilder.php(1616): CodeIgniter\Database\BaseConnection->query('SELECT `detail_penjualan`.`jumlah`, `produk`.`harga_beli`, `produk`.`harga_jual`
FROM `detail_penjualan`
JOIN `produk` ON `produk`.`id` = `detail_penjualan`.`produk_id`
WHERE MONTH(detail_penjualan.tanggal) = :MONTH(detail_penjualan.tanggal):', [...], false)
 2 SYSTEMPATH\Model.php(243): CodeIgniter\Database\BaseBuilder->get()
 3 SYSTEMPATH\BaseModel.php(641): CodeIgniter\Model->doFindAll(0, 0)
 4 APPPATH\Controllers\Home.php(117): CodeIgniter\BaseModel->findAll()
 5 APPPATH\Controllers\Home.php(43): App\Controllers\Home->getPreviousData()
 6 SYSTEMPATH\CodeIgniter.php(943): App\Controllers\Home->index()
 7 SYSTEMPATH\CodeIgniter.php(503): CodeIgniter\CodeIgniter->runController(Object(App\Controllers\Home))
 8 SYSTEMPATH\CodeIgniter.php(361): CodeIgniter\CodeIgniter->handleRequest(null, Object(Config\Cache), false)
 9 FCPATH\index.php(79): CodeIgniter\CodeIgniter->run()
CRITICAL - 2025-04-20 16:01:31 --> [Caused by] CodeIgniter\Database\Exceptions\DatabaseException: Unknown column 'detail_penjualan.tanggal' in 'WHERE'
in SYSTEMPATH\Database\MySQLi\Connection.php on line 311.
 1 SYSTEMPATH\Database\BaseConnection.php(693): CodeIgniter\Database\MySQLi\Connection->execute('SELECT `detail_penjualan`.`jumlah`, `produk`.`harga_beli`, `produk`.`harga_jual`
FROM `detail_penjualan`
JOIN `produk` ON `produk`.`id` = `detail_penjualan`.`produk_id`
WHERE MONTH(detail_penjualan.tanggal) = 3')
 2 SYSTEMPATH\Database\BaseConnection.php(607): CodeIgniter\Database\BaseConnection->simpleQuery('SELECT `detail_penjualan`.`jumlah`, `produk`.`harga_beli`, `produk`.`harga_jual`
FROM `detail_penjualan`
JOIN `produk` ON `produk`.`id` = `detail_penjualan`.`produk_id`
WHERE MONTH(detail_penjualan.tanggal) = 3')
 3 SYSTEMPATH\Database\BaseBuilder.php(1616): CodeIgniter\Database\BaseConnection->query('SELECT `detail_penjualan`.`jumlah`, `produk`.`harga_beli`, `produk`.`harga_jual`
FROM `detail_penjualan`
JOIN `produk` ON `produk`.`id` = `detail_penjualan`.`produk_id`
WHERE MONTH(detail_penjualan.tanggal) = :MONTH(detail_penjualan.tanggal):', [...], false)
 4 SYSTEMPATH\Model.php(243): CodeIgniter\Database\BaseBuilder->get()
 5 SYSTEMPATH\BaseModel.php(641): CodeIgniter\Model->doFindAll(0, 0)
 6 APPPATH\Controllers\Home.php(117): CodeIgniter\BaseModel->findAll()
 7 APPPATH\Controllers\Home.php(43): App\Controllers\Home->getPreviousData()
 8 SYSTEMPATH\CodeIgniter.php(943): App\Controllers\Home->index()
 9 SYSTEMPATH\CodeIgniter.php(503): CodeIgniter\CodeIgniter->runController(Object(App\Controllers\Home))
10 SYSTEMPATH\CodeIgniter.php(361): CodeIgniter\CodeIgniter->handleRequest(null, Object(Config\Cache), false)
11 FCPATH\index.php(79): CodeIgniter\CodeIgniter->run()
CRITICAL - 2025-04-20 16:01:31 --> [Caused by] mysqli_sql_exception: Unknown column 'detail_penjualan.tanggal' in 'WHERE'
in SYSTEMPATH\Database\MySQLi\Connection.php on line 306.
 1 SYSTEMPATH\Database\MySQLi\Connection.php(306): mysqli->query('SELECT `detail_penjualan`.`jumlah`, `produk`.`harga_beli`, `produk`.`harga_jual`
FROM `detail_penjualan`
JOIN `produk` ON `produk`.`id` = `detail_penjualan`.`produk_id`
WHERE MONTH(detail_penjualan.tanggal) = 3', 0)
 2 SYSTEMPATH\Database\BaseConnection.php(693): CodeIgniter\Database\MySQLi\Connection->execute('SELECT `detail_penjualan`.`jumlah`, `produk`.`harga_beli`, `produk`.`harga_jual`
FROM `detail_penjualan`
JOIN `produk` ON `produk`.`id` = `detail_penjualan`.`produk_id`
WHERE MONTH(detail_penjualan.tanggal) = 3')
 3 SYSTEMPATH\Database\BaseConnection.php(607): CodeIgniter\Database\BaseConnection->simpleQuery('SELECT `detail_penjualan`.`jumlah`, `produk`.`harga_beli`, `produk`.`harga_jual`
FROM `detail_penjualan`
JOIN `produk` ON `produk`.`id` = `detail_penjualan`.`produk_id`
WHERE MONTH(detail_penjualan.tanggal) = 3')
 4 SYSTEMPATH\Database\BaseBuilder.php(1616): CodeIgniter\Database\BaseConnection->query('SELECT `detail_penjualan`.`jumlah`, `produk`.`harga_beli`, `produk`.`harga_jual`
FROM `detail_penjualan`
JOIN `produk` ON `produk`.`id` = `detail_penjualan`.`produk_id`
WHERE MONTH(detail_penjualan.tanggal) = :MONTH(detail_penjualan.tanggal):', [...], false)
 5 SYSTEMPATH\Model.php(243): CodeIgniter\Database\BaseBuilder->get()
 6 SYSTEMPATH\BaseModel.php(641): CodeIgniter\Model->doFindAll(0, 0)
 7 APPPATH\Controllers\Home.php(117): CodeIgniter\BaseModel->findAll()
 8 APPPATH\Controllers\Home.php(43): App\Controllers\Home->getPreviousData()
 9 SYSTEMPATH\CodeIgniter.php(943): App\Controllers\Home->index()
10 SYSTEMPATH\CodeIgniter.php(503): CodeIgniter\CodeIgniter->runController(Object(App\Controllers\Home))
11 SYSTEMPATH\CodeIgniter.php(361): CodeIgniter\CodeIgniter->handleRequest(null, Object(Config\Cache), false)
12 FCPATH\index.php(79): CodeIgniter\CodeIgniter->run()
ERROR - 2025-04-20 16:02:00 --> mysqli_sql_exception: Unknown column 'detail_penjualan.tanggal' in 'WHERE' in C:\xampp\htdocs\reynra-store\vendor\codeigniter4\framework\system\Database\MySQLi\Connection.php:306
Stack trace:
#0 C:\xampp\htdocs\reynra-store\vendor\codeigniter4\framework\system\Database\MySQLi\Connection.php(306): mysqli->query('SELECT `detail_...', 0)
#1 C:\xampp\htdocs\reynra-store\vendor\codeigniter4\framework\system\Database\BaseConnection.php(693): CodeIgniter\Database\MySQLi\Connection->execute('SELECT `detail_...')
#2 C:\xampp\htdocs\reynra-store\vendor\codeigniter4\framework\system\Database\BaseConnection.php(607): CodeIgniter\Database\BaseConnection->simpleQuery('SELECT `detail_...')
#3 C:\xampp\htdocs\reynra-store\vendor\codeigniter4\framework\system\Database\BaseBuilder.php(1616): CodeIgniter\Database\BaseConnection->query('SELECT `detail_...', Array, false)
#4 C:\xampp\htdocs\reynra-store\vendor\codeigniter4\framework\system\Model.php(243): CodeIgniter\Database\BaseBuilder->get()
#5 C:\xampp\htdocs\reynra-store\vendor\codeigniter4\framework\system\BaseModel.php(641): CodeIgniter\Model->doFindAll(0, 0)
#6 C:\xampp\htdocs\reynra-store\app\Controllers\Home.php(117): CodeIgniter\BaseModel->findAll()
#7 C:\xampp\htdocs\reynra-store\app\Controllers\Home.php(43): App\Controllers\Home->getPreviousData()
#8 C:\xampp\htdocs\reynra-store\vendor\codeigniter4\framework\system\CodeIgniter.php(943): App\Controllers\Home->index()
#9 C:\xampp\htdocs\reynra-store\vendor\codeigniter4\framework\system\CodeIgniter.php(503): CodeIgniter\CodeIgniter->runController(Object(App\Controllers\Home))
#10 C:\xampp\htdocs\reynra-store\vendor\codeigniter4\framework\system\CodeIgniter.php(361): CodeIgniter\CodeIgniter->handleRequest(NULL, Object(Config\Cache), false)
#11 C:\xampp\htdocs\reynra-store\index.php(79): CodeIgniter\CodeIgniter->run()
#12 {main}
CRITICAL - 2025-04-20 16:02:00 --> CodeIgniter\Database\Exceptions\DatabaseException: Unknown column 'detail_penjualan.tanggal' in 'WHERE'
in SYSTEMPATH\Database\BaseConnection.php on line 647.
 1 SYSTEMPATH\Database\BaseBuilder.php(1616): CodeIgniter\Database\BaseConnection->query('SELECT `detail_penjualan`.`jumlah`, `produk`.`harga_beli`, `produk`.`harga_jual`
FROM `detail_penjualan`
JOIN `produk` ON `produk`.`id` = `detail_penjualan`.`produk_id`
WHERE MONTH(detail_penjualan.tanggal) = :MONTH(detail_penjualan.tanggal):', [...], false)
 2 SYSTEMPATH\Model.php(243): CodeIgniter\Database\BaseBuilder->get()
 3 SYSTEMPATH\BaseModel.php(641): CodeIgniter\Model->doFindAll(0, 0)
 4 APPPATH\Controllers\Home.php(117): CodeIgniter\BaseModel->findAll()
 5 APPPATH\Controllers\Home.php(43): App\Controllers\Home->getPreviousData()
 6 SYSTEMPATH\CodeIgniter.php(943): App\Controllers\Home->index()
 7 SYSTEMPATH\CodeIgniter.php(503): CodeIgniter\CodeIgniter->runController(Object(App\Controllers\Home))
 8 SYSTEMPATH\CodeIgniter.php(361): CodeIgniter\CodeIgniter->handleRequest(null, Object(Config\Cache), false)
 9 FCPATH\index.php(79): CodeIgniter\CodeIgniter->run()
CRITICAL - 2025-04-20 16:02:00 --> [Caused by] CodeIgniter\Database\Exceptions\DatabaseException: Unknown column 'detail_penjualan.tanggal' in 'WHERE'
in SYSTEMPATH\Database\MySQLi\Connection.php on line 311.
 1 SYSTEMPATH\Database\BaseConnection.php(693): CodeIgniter\Database\MySQLi\Connection->execute('SELECT `detail_penjualan`.`jumlah`, `produk`.`harga_beli`, `produk`.`harga_jual`
FROM `detail_penjualan`
JOIN `produk` ON `produk`.`id` = `detail_penjualan`.`produk_id`
WHERE MONTH(detail_penjualan.tanggal) = 3')
 2 SYSTEMPATH\Database\BaseConnection.php(607): CodeIgniter\Database\BaseConnection->simpleQuery('SELECT `detail_penjualan`.`jumlah`, `produk`.`harga_beli`, `produk`.`harga_jual`
FROM `detail_penjualan`
JOIN `produk` ON `produk`.`id` = `detail_penjualan`.`produk_id`
WHERE MONTH(detail_penjualan.tanggal) = 3')
 3 SYSTEMPATH\Database\BaseBuilder.php(1616): CodeIgniter\Database\BaseConnection->query('SELECT `detail_penjualan`.`jumlah`, `produk`.`harga_beli`, `produk`.`harga_jual`
FROM `detail_penjualan`
JOIN `produk` ON `produk`.`id` = `detail_penjualan`.`produk_id`
WHERE MONTH(detail_penjualan.tanggal) = :MONTH(detail_penjualan.tanggal):', [...], false)
 4 SYSTEMPATH\Model.php(243): CodeIgniter\Database\BaseBuilder->get()
 5 SYSTEMPATH\BaseModel.php(641): CodeIgniter\Model->doFindAll(0, 0)
 6 APPPATH\Controllers\Home.php(117): CodeIgniter\BaseModel->findAll()
 7 APPPATH\Controllers\Home.php(43): App\Controllers\Home->getPreviousData()
 8 SYSTEMPATH\CodeIgniter.php(943): App\Controllers\Home->index()
 9 SYSTEMPATH\CodeIgniter.php(503): CodeIgniter\CodeIgniter->runController(Object(App\Controllers\Home))
10 SYSTEMPATH\CodeIgniter.php(361): CodeIgniter\CodeIgniter->handleRequest(null, Object(Config\Cache), false)
11 FCPATH\index.php(79): CodeIgniter\CodeIgniter->run()
CRITICAL - 2025-04-20 16:02:00 --> [Caused by] mysqli_sql_exception: Unknown column 'detail_penjualan.tanggal' in 'WHERE'
in SYSTEMPATH\Database\MySQLi\Connection.php on line 306.
 1 SYSTEMPATH\Database\MySQLi\Connection.php(306): mysqli->query('SELECT `detail_penjualan`.`jumlah`, `produk`.`harga_beli`, `produk`.`harga_jual`
FROM `detail_penjualan`
JOIN `produk` ON `produk`.`id` = `detail_penjualan`.`produk_id`
WHERE MONTH(detail_penjualan.tanggal) = 3', 0)
 2 SYSTEMPATH\Database\BaseConnection.php(693): CodeIgniter\Database\MySQLi\Connection->execute('SELECT `detail_penjualan`.`jumlah`, `produk`.`harga_beli`, `produk`.`harga_jual`
FROM `detail_penjualan`
JOIN `produk` ON `produk`.`id` = `detail_penjualan`.`produk_id`
WHERE MONTH(detail_penjualan.tanggal) = 3')
 3 SYSTEMPATH\Database\BaseConnection.php(607): CodeIgniter\Database\BaseConnection->simpleQuery('SELECT `detail_penjualan`.`jumlah`, `produk`.`harga_beli`, `produk`.`harga_jual`
FROM `detail_penjualan`
JOIN `produk` ON `produk`.`id` = `detail_penjualan`.`produk_id`
WHERE MONTH(detail_penjualan.tanggal) = 3')
 4 SYSTEMPATH\Database\BaseBuilder.php(1616): CodeIgniter\Database\BaseConnection->query('SELECT `detail_penjualan`.`jumlah`, `produk`.`harga_beli`, `produk`.`harga_jual`
FROM `detail_penjualan`
JOIN `produk` ON `produk`.`id` = `detail_penjualan`.`produk_id`
WHERE MONTH(detail_penjualan.tanggal) = :MONTH(detail_penjualan.tanggal):', [...], false)
 5 SYSTEMPATH\Model.php(243): CodeIgniter\Database\BaseBuilder->get()
 6 SYSTEMPATH\BaseModel.php(641): CodeIgniter\Model->doFindAll(0, 0)
 7 APPPATH\Controllers\Home.php(117): CodeIgniter\BaseModel->findAll()
 8 APPPATH\Controllers\Home.php(43): App\Controllers\Home->getPreviousData()
 9 SYSTEMPATH\CodeIgniter.php(943): App\Controllers\Home->index()
10 SYSTEMPATH\CodeIgniter.php(503): CodeIgniter\CodeIgniter->runController(Object(App\Controllers\Home))
11 SYSTEMPATH\CodeIgniter.php(361): CodeIgniter\CodeIgniter->handleRequest(null, Object(Config\Cache), false)
12 FCPATH\index.php(79): CodeIgniter\CodeIgniter->run()
CRITICAL - 2025-04-20 16:03:49 --> Error: Unsupported operand types
in APPPATH\Controllers\Home.php on line 99.
 1 APPPATH\Controllers\Home.php(47): App\Controllers\Home->calculatePercentage(0, [...])
 2 SYSTEMPATH\CodeIgniter.php(943): App\Controllers\Home->index()
 3 SYSTEMPATH\CodeIgniter.php(503): CodeIgniter\CodeIgniter->runController(Object(App\Controllers\Home))
 4 SYSTEMPATH\CodeIgniter.php(361): CodeIgniter\CodeIgniter->handleRequest(null, Object(Config\Cache), false)
 5 FCPATH\index.php(79): CodeIgniter\CodeIgniter->run()
CRITICAL - 2025-04-20 16:24:09 --> ErrorException: Undefined index: produk
in APPPATH\Controllers\Home.php on line 48.
 1 APPPATH\Controllers\Home.php(48): CodeIgniter\Debug\Exceptions->errorHandler(8, 'Undefined index: produk', 'C:\\xampp\\htdocs\\reynra-store\\app\\Controllers\\Home.php', 48, [...])
 2 SYSTEMPATH\CodeIgniter.php(943): App\Controllers\Home->index()
 3 SYSTEMPATH\CodeIgniter.php(503): CodeIgniter\CodeIgniter->runController(Object(App\Controllers\Home))
 4 SYSTEMPATH\CodeIgniter.php(361): CodeIgniter\CodeIgniter->handleRequest(null, Object(Config\Cache), false)
 5 FCPATH\index.php(79): CodeIgniter\CodeIgniter->run()
CRITICAL - 2025-04-20 16:24:10 --> ErrorException: Undefined index: produk
in APPPATH\Controllers\Home.php on line 48.
 1 APPPATH\Controllers\Home.php(48): CodeIgniter\Debug\Exceptions->errorHandler(8, 'Undefined index: produk', 'C:\\xampp\\htdocs\\reynra-store\\app\\Controllers\\Home.php', 48, [...])
 2 SYSTEMPATH\CodeIgniter.php(943): App\Controllers\Home->index()
 3 SYSTEMPATH\CodeIgniter.php(503): CodeIgniter\CodeIgniter->runController(Object(App\Controllers\Home))
 4 SYSTEMPATH\CodeIgniter.php(361): CodeIgniter\CodeIgniter->handleRequest(null, Object(Config\Cache), false)
 5 FCPATH\index.php(79): CodeIgniter\CodeIgniter->run()
CRITICAL - 2025-04-20 16:24:25 --> Error: Unsupported operand types
in APPPATH\Controllers\Home.php on line 52.
 1 SYSTEMPATH\CodeIgniter.php(943): App\Controllers\Home->index()
 2 SYSTEMPATH\CodeIgniter.php(503): CodeIgniter\CodeIgniter->runController(Object(App\Controllers\Home))
 3 SYSTEMPATH\CodeIgniter.php(361): CodeIgniter\CodeIgniter->handleRequest(null, Object(Config\Cache), false)
 4 FCPATH\index.php(79): CodeIgniter\CodeIgniter->run()
CRITICAL - 2025-04-20 16:25:58 --> ErrorException: Undefined variable: totalKeuntungan
in APPPATH\Controllers\Home.php on line 81.
 1 APPPATH\Controllers\Home.php(81): CodeIgniter\Debug\Exceptions->errorHandler(8, 'Undefined variable: totalKeuntungan', 'C:\\xampp\\htdocs\\reynra-store\\app\\Controllers\\Home.php', 81, [...])
 2 APPPATH\Controllers\Home.php(32): App\Controllers\Home->calculateKeuntungan()
 3 SYSTEMPATH\CodeIgniter.php(943): App\Controllers\Home->index()
 4 SYSTEMPATH\CodeIgniter.php(503): CodeIgniter\CodeIgniter->runController(Object(App\Controllers\Home))
 5 SYSTEMPATH\CodeIgniter.php(361): CodeIgniter\CodeIgniter->handleRequest(null, Object(Config\Cache), false)
 6 FCPATH\index.php(79): CodeIgniter\CodeIgniter->run()
CRITICAL - 2025-04-20 16:26:05 --> Error: Unsupported operand types
in APPPATH\Controllers\Home.php on line 52.
 1 SYSTEMPATH\CodeIgniter.php(943): App\Controllers\Home->index()
 2 SYSTEMPATH\CodeIgniter.php(503): CodeIgniter\CodeIgniter->runController(Object(App\Controllers\Home))
 3 SYSTEMPATH\CodeIgniter.php(361): CodeIgniter\CodeIgniter->handleRequest(null, Object(Config\Cache), false)
 4 FCPATH\index.php(79): CodeIgniter\CodeIgniter->run()
CRITICAL - 2025-04-20 16:27:37 --> CodeIgniter\Database\Exceptions\DataException: You must provide a valid "column name not separated by comma".
in SYSTEMPATH\Database\BaseBuilder.php on line 515.
 1 SYSTEMPATH\Database\BaseBuilder.php(515): CodeIgniter\Database\Exceptions\DataException::forInvalidArgument('column name not separated by comma')
 2 SYSTEMPATH\Database\BaseBuilder.php(472): CodeIgniter\Database\BaseBuilder->maxMinAvgSum('total, keuntungan', '', 'SUM')
 3 SYSTEMPATH\Model.php(877): CodeIgniter\Database\BaseBuilder->selectSum('total, keuntungan')
 4 APPPATH\Controllers\Home.php(28): CodeIgniter\Model->__call('selectSum', [...])
 5 SYSTEMPATH\CodeIgniter.php(943): App\Controllers\Home->index()
 6 SYSTEMPATH\CodeIgniter.php(503): CodeIgniter\CodeIgniter->runController(Object(App\Controllers\Home))
 7 SYSTEMPATH\CodeIgniter.php(361): CodeIgniter\CodeIgniter->handleRequest(null, Object(Config\Cache), false)
 8 FCPATH\index.php(79): CodeIgniter\CodeIgniter->run()
CRITICAL - 2025-04-20 16:28:44 --> Error: Call to undefined method App\Controllers\Home::calculateKeuntungan()
in APPPATH\Controllers\Home.php on line 33.
 1 SYSTEMPATH\CodeIgniter.php(943): App\Controllers\Home->index()
 2 SYSTEMPATH\CodeIgniter.php(503): CodeIgniter\CodeIgniter->runController(Object(App\Controllers\Home))
 3 SYSTEMPATH\CodeIgniter.php(361): CodeIgniter\CodeIgniter->handleRequest(null, Object(Config\Cache), false)
 4 FCPATH\index.php(79): CodeIgniter\CodeIgniter->run()
CRITICAL - 2025-04-20 16:28:53 --> Error: Unsupported operand types
in APPPATH\Controllers\Home.php on line 51.
 1 SYSTEMPATH\CodeIgniter.php(943): App\Controllers\Home->index()
 2 SYSTEMPATH\CodeIgniter.php(503): CodeIgniter\CodeIgniter->runController(Object(App\Controllers\Home))
 3 SYSTEMPATH\CodeIgniter.php(361): CodeIgniter\CodeIgniter->handleRequest(null, Object(Config\Cache), false)
 4 FCPATH\index.php(79): CodeIgniter\CodeIgniter->run()
CRITICAL - 2025-04-20 16:30:56 --> ErrorException: Undefined index: produk
in APPPATH\Controllers\Home.php on line 52.
 1 APPPATH\Controllers\Home.php(52): CodeIgniter\Debug\Exceptions->errorHandler(8, 'Undefined index: produk', 'C:\\xampp\\htdocs\\reynra-store\\app\\Controllers\\Home.php', 52, [...])
 2 SYSTEMPATH\CodeIgniter.php(943): App\Controllers\Home->index()
 3 SYSTEMPATH\CodeIgniter.php(503): CodeIgniter\CodeIgniter->runController(Object(App\Controllers\Home))
 4 SYSTEMPATH\CodeIgniter.php(361): CodeIgniter\CodeIgniter->handleRequest(null, Object(Config\Cache), false)
 5 FCPATH\index.php(79): CodeIgniter\CodeIgniter->run()
CRITICAL - 2025-04-20 16:31:03 --> ErrorException: Undefined variable: persenProduk
in APPPATH\Controllers\Home.php on line 61.
 1 APPPATH\Controllers\Home.php(61): CodeIgniter\Debug\Exceptions->errorHandler(8, 'Undefined variable: persenProduk', 'C:\\xampp\\htdocs\\reynra-store\\app\\Controllers\\Home.php', 61, [...])
 2 SYSTEMPATH\CodeIgniter.php(943): App\Controllers\Home->index()
 3 SYSTEMPATH\CodeIgniter.php(503): CodeIgniter\CodeIgniter->runController(Object(App\Controllers\Home))
 4 SYSTEMPATH\CodeIgniter.php(361): CodeIgniter\CodeIgniter->handleRequest(null, Object(Config\Cache), false)
 5 FCPATH\index.php(79): CodeIgniter\CodeIgniter->run()
CRITICAL - 2025-04-20 16:31:07 --> ErrorException: Undefined variable: extraProduk
in APPPATH\Controllers\Home.php on line 64.
 1 APPPATH\Controllers\Home.php(64): CodeIgniter\Debug\Exceptions->errorHandler(8, 'Undefined variable: extraProduk', 'C:\\xampp\\htdocs\\reynra-store\\app\\Controllers\\Home.php', 64, [...])
 2 SYSTEMPATH\CodeIgniter.php(943): App\Controllers\Home->index()
 3 SYSTEMPATH\CodeIgniter.php(503): CodeIgniter\CodeIgniter->runController(Object(App\Controllers\Home))
 4 SYSTEMPATH\CodeIgniter.php(361): CodeIgniter\CodeIgniter->handleRequest(null, Object(Config\Cache), false)
 5 FCPATH\index.php(79): CodeIgniter\CodeIgniter->run()
CRITICAL - 2025-04-20 16:31:11 --> CodeIgniter\View\Exceptions\ViewException: Invalid file: "dashboard/index.php"
in SYSTEMPATH\Exceptions\FrameworkException.php on line 39.
 1 SYSTEMPATH\View\View.php(216): CodeIgniter\Exceptions\FrameworkException::forInvalidFile('dashboard/index.php')
 2 SYSTEMPATH\Common.php(1178): CodeIgniter\View\View->render('dashboard/index', [], true)
 3 APPPATH\Controllers\Home.php(64): view('dashboard/index', [...])
 4 SYSTEMPATH\CodeIgniter.php(943): App\Controllers\Home->index()
 5 SYSTEMPATH\CodeIgniter.php(503): CodeIgniter\CodeIgniter->runController(Object(App\Controllers\Home))
 6 SYSTEMPATH\CodeIgniter.php(361): CodeIgniter\CodeIgniter->handleRequest(null, Object(Config\Cache), false)
 7 FCPATH\index.php(79): CodeIgniter\CodeIgniter->run()
INFO - 2025-04-20 16:31:32 --> Session: Class initialized using 'CodeIgniter\Session\Handlers\FileHandler' driver.
INFO - 2025-04-20 16:32:12 --> Session: Class initialized using 'CodeIgniter\Session\Handlers\FileHandler' driver.
INFO - 2025-04-20 16:32:13 --> Session: Class initialized using 'CodeIgniter\Session\Handlers\FileHandler' driver.
INFO - 2025-04-20 16:32:26 --> Session: Class initialized using 'CodeIgniter\Session\Handlers\FileHandler' driver.
INFO - 2025-04-20 16:32:26 --> Session: Class initialized using 'CodeIgniter\Session\Handlers\FileHandler' driver.
INFO - 2025-04-20 16:32:33 --> Session: Class initialized using 'CodeIgniter\Session\Handlers\FileHandler' driver.
INFO - 2025-04-20 16:32:53 --> Session: Class initialized using 'CodeIgniter\Session\Handlers\FileHandler' driver.
INFO - 2025-04-20 16:32:53 --> Session: Class initialized using 'CodeIgniter\Session\Handlers\FileHandler' driver.
INFO - 2025-04-20 16:32:57 --> Session: Class initialized using 'CodeIgniter\Session\Handlers\FileHandler' driver.
INFO - 2025-04-20 16:33:08 --> Session: Class initialized using 'CodeIgniter\Session\Handlers\FileHandler' driver.
INFO - 2025-04-20 16:33:08 --> Session: Class initialized using 'CodeIgniter\Session\Handlers\FileHandler' driver.
INFO - 2025-04-20 16:33:23 --> Session: Class initialized using 'CodeIgniter\Session\Handlers\FileHandler' driver.
INFO - 2025-04-20 16:33:23 --> Session: Class initialized using 'CodeIgniter\Session\Handlers\FileHandler' driver.
